2025-01-01 14:30:51,612	INFO head.py:135 -- Dashboard head grpc address: 0.0.0.0:43325
2025-01-01 14:30:51,619	WARNING head.py:255 -- `prometheus_client` not found, so metrics will not be exported.
2025-01-01 14:30:51,622	INFO utils.py:112 -- Get all modules by type: DashboardHeadModule
2025-01-01 14:30:51,670	INFO utils.py:123 -- Module ray.dashboard.modules.actor.actor_head cannot be loaded because we cannot import all dependencies. Install this module using `pip install 'ray[default]'` for the full dashboard functionality. Error: No module named 'aiohttp'
2025-01-01 14:30:52,562	INFO utils.py:123 -- Module ray.dashboard.modules.event.event_head cannot be loaded because we cannot import all dependencies. Install this module using `pip install 'ray[default]'` for the full dashboard functionality. Error: No module named 'aiohttp'
2025-01-01 14:30:52,601	INFO utils.py:123 -- Module ray.dashboard.modules.healthz.healthz_agent cannot be loaded because we cannot import all dependencies. Install this module using `pip install 'ray[default]'` for the full dashboard functionality. Error: No module named 'aiohttp'
2025-01-01 14:30:52,608	INFO utils.py:123 -- Module ray.dashboard.modules.healthz.healthz_head cannot be loaded because we cannot import all dependencies. Install this module using `pip install 'ray[default]'` for the full dashboard functionality. Error: No module named 'aiohttp'
2025-01-01 14:30:52,629	INFO utils.py:123 -- Module ray.dashboard.modules.job.cli cannot be loaded because we cannot import all dependencies. Install this module using `pip install 'ray[default]'` for the full dashboard functionality. Error: No module named 'pydantic'
2025-01-01 14:30:52,632	INFO utils.py:123 -- Module ray.dashboard.modules.job.job_agent cannot be loaded because we cannot import all dependencies. Install this module using `pip install 'ray[default]'` for the full dashboard functionality. Error: No module named 'aiohttp'
2025-01-01 14:30:52,642	INFO utils.py:123 -- Module ray.dashboard.modules.job.job_head cannot be loaded because we cannot import all dependencies. Install this module using `pip install 'ray[default]'` for the full dashboard functionality. Error: No module named 'aiohttp'
2025-01-01 14:30:52,667	INFO utils.py:123 -- Module ray.dashboard.modules.job.job_manager cannot be loaded because we cannot import all dependencies. Install this module using `pip install 'ray[default]'` for the full dashboard functionality. Error: No module named 'pydantic'
2025-01-01 14:30:52,670	INFO utils.py:123 -- Module ray.dashboard.modules.job.pydantic_models cannot be loaded because we cannot import all dependencies. Install this module using `pip install 'ray[default]'` for the full dashboard functionality. Error: No module named 'pydantic'
2025-01-01 14:30:52,703	INFO utils.py:123 -- Module ray.dashboard.modules.log.log_agent cannot be loaded because we cannot import all dependencies. Install this module using `pip install 'ray[default]'` for the full dashboard functionality. Error: No module named 'aiohttp'
2025-01-01 14:30:52,706	INFO utils.py:123 -- Module ray.dashboard.modules.log.log_head cannot be loaded because we cannot import all dependencies. Install this module using `pip install 'ray[default]'` for the full dashboard functionality. Error: No module named 'aiohttp'
2025-01-01 14:30:52,879	INFO utils.py:123 -- Module ray.dashboard.modules.metrics.metrics_head cannot be loaded because we cannot import all dependencies. Install this module using `pip install 'ray[default]'` for the full dashboard functionality. Error: No module named 'aiohttp'
2025-01-01 14:30:52,899	INFO utils.py:123 -- Module ray.dashboard.modules.node.node_head cannot be loaded because we cannot import all dependencies. Install this module using `pip install 'ray[default]'` for the full dashboard functionality. Error: No module named 'aiohttp'
2025-01-01 14:30:53,033	INFO utils.py:123 -- Module ray.dashboard.modules.reporter.reporter_agent cannot be loaded because we cannot import all dependencies. Install this module using `pip install 'ray[default]'` for the full dashboard functionality. Error: No module named 'opencensus'
2025-01-01 14:30:53,036	INFO utils.py:123 -- Module ray.dashboard.modules.reporter.reporter_head cannot be loaded because we cannot import all dependencies. Install this module using `pip install 'ray[default]'` for the full dashboard functionality. Error: No module named 'aiohttp'
2025-01-01 14:30:53,090	INFO utils.py:123 -- Module ray.dashboard.modules.serve.serve_agent cannot be loaded because we cannot import all dependencies. Install this module using `pip install 'ray[default]'` for the full dashboard functionality. Error: No module named 'aiohttp'
2025-01-01 14:30:53,108	INFO utils.py:123 -- Module ray.dashboard.modules.snapshot.snapshot_head cannot be loaded because we cannot import all dependencies. Install this module using `pip install 'ray[default]'` for the full dashboard functionality. Error: No module named 'aiohttp'
2025-01-01 14:30:53,125	INFO utils.py:123 -- Module ray.dashboard.modules.state.state_head cannot be loaded because we cannot import all dependencies. Install this module using `pip install 'ray[default]'` for the full dashboard functionality. Error: No module named 'aiohttp'
2025-01-01 14:30:53,141	INFO utils.py:123 -- Module ray.dashboard.modules.test.test_agent cannot be loaded because we cannot import all dependencies. Install this module using `pip install 'ray[default]'` for the full dashboard functionality. Error: No module named 'aiohttp'
2025-01-01 14:30:53,146	INFO utils.py:123 -- Module ray.dashboard.modules.test.test_head cannot be loaded because we cannot import all dependencies. Install this module using `pip install 'ray[default]'` for the full dashboard functionality. Error: No module named 'aiohttp'
2025-01-01 14:30:53,148	INFO utils.py:123 -- Module ray.dashboard.modules.test.test_utils cannot be loaded because we cannot import all dependencies. Install this module using `pip install 'ray[default]'` for the full dashboard functionality. Error: No module named 'async_timeout'
2025-01-01 14:30:53,173	INFO utils.py:145 -- Available modules: [<class 'ray.dashboard.modules.usage_stats.usage_stats_head.UsageStatsHead'>]
2025-01-01 14:30:53,173	INFO head.py:208 -- Modules to load: {'UsageStatsHead'}
2025-01-01 14:30:53,176	INFO head.py:211 -- Loading DashboardHeadModule: <class 'ray.dashboard.modules.usage_stats.usage_stats_head.UsageStatsHead'>
2025-01-01 14:30:53,177	INFO head.py:224 -- Loaded 1 modules. [<ray.dashboard.modules.usage_stats.usage_stats_head.UsageStatsHead object at 0x7f42547c33d0>]
2025-01-01 14:30:53,180	INFO head.py:305 -- http server disabled.
2025-01-01 14:30:53,183	INFO usage_stats_head.py:168 -- Usage reporting is disabled.
2025-01-01 14:44:10,952	WARNING dashboard.py:216 -- Exiting with SIGTERM immediately...
