2025-01-01 14:30:51,583	INFO monitor.py:651 -- Starting monitor using ray installation: /home/jh146/ptl_rdf/QFL-MLNCP-NeurIPS/fedqnn-3/lib/python3.10/site-packages/ray/__init__.py
2025-01-01 14:30:51,585	INFO monitor.py:652 -- Ray version: 2.3.0
2025-01-01 14:30:51,587	INFO monitor.py:653 -- Ray commit: cf7a56b4b0b648c324722df7c99c168e92ff0b45
2025-01-01 14:30:51,588	INFO monitor.py:654 -- Monitor started with command: ['/home/jh146/ptl_rdf/QFL-MLNCP-NeurIPS/fedqnn-3/lib/python3.10/site-packages/ray/autoscaler/_private/monitor.py', '--logs-dir=./tmpdir/session_2025-01-01_14-30-47_468351_37883/logs', '--logging-rotate-bytes=536870912', '--logging-rotate-backup-count=5', '--gcs-address=10.134.196.4:49918', '--monitor-ip=10.134.196.4']
2025-01-01 14:30:51,594	INFO monitor.py:167 -- session_name: session_2025-01-01_14-30-47_468351_37883
2025-01-01 14:30:51,606	WARNING monitor.py:214 -- `prometheus_client` not found, so metrics will not be exported.
2025-01-01 14:30:51,606	INFO monitor.py:218 -- Monitor: Started
2025-01-01 14:30:51,649	INFO autoscaler.py:276 -- disable_node_updaters:False
2025-01-01 14:30:51,650	INFO autoscaler.py:284 -- disable_launch_config_check:False
2025-01-01 14:30:51,652	INFO autoscaler.py:296 -- foreground_node_launch:False
2025-01-01 14:30:51,654	INFO autoscaler.py:306 -- worker_liveness_check:True
2025-01-01 14:30:51,657	INFO autoscaler.py:314 -- worker_rpc_drain:True
2025-01-01 14:30:51,659	INFO autoscaler.py:364 -- StandardAutoscaler: {'cluster_name': 'default', 'max_workers': 0, 'upscaling_speed': 1.0, 'docker': {}, 'idle_timeout_minutes': 0, 'provider': {'type': 'readonly', 'use_node_id_as_ip': True}, 'auth': {}, 'available_node_types': {'ray.head.default': {'resources': {}, 'node_config': {}, 'max_workers': 0}}, 'head_node_type': 'ray.head.default', 'file_mounts': {}, 'cluster_synced_files': [], 'file_mounts_sync_continuously': False, 'rsync_exclude': [], 'rsync_filter': [], 'initialization_commands': [], 'setup_commands': [], 'head_setup_commands': [], 'worker_setup_commands': [], 'head_start_ray_commands': [], 'worker_start_ray_commands': [], 'head_node': {}, 'worker_nodes': {}}
2025-01-01 14:30:51,663	INFO monitor.py:388 -- Autoscaler has not yet received load metrics. Waiting.
2025-01-01 14:30:56,667	INFO monitor.py:388 -- Autoscaler has not yet received load metrics. Waiting.
2025-01-01 14:31:01,674	INFO monitor.py:388 -- Autoscaler has not yet received load metrics. Waiting.
2025-01-01 14:31:06,683	INFO monitor.py:388 -- Autoscaler has not yet received load metrics. Waiting.
2025-01-01 14:31:11,693	INFO monitor.py:388 -- Autoscaler has not yet received load metrics. Waiting.
2025-01-01 14:31:16,703	INFO monitor.py:388 -- Autoscaler has not yet received load metrics. Waiting.
2025-01-01 14:31:21,714	INFO monitor.py:388 -- Autoscaler has not yet received load metrics. Waiting.
2025-01-01 14:31:26,722	INFO monitor.py:388 -- Autoscaler has not yet received load metrics. Waiting.
2025-01-01 14:31:31,732	INFO monitor.py:388 -- Autoscaler has not yet received load metrics. Waiting.
2025-01-01 14:31:36,743	INFO monitor.py:388 -- Autoscaler has not yet received load metrics. Waiting.
2025-01-01 14:31:41,754	INFO monitor.py:388 -- Autoscaler has not yet received load metrics. Waiting.
2025-01-01 14:31:46,764	INFO monitor.py:388 -- Autoscaler has not yet received load metrics. Waiting.
2025-01-01 14:31:51,770	INFO monitor.py:388 -- Autoscaler has not yet received load metrics. Waiting.
2025-01-01 14:31:56,779	INFO monitor.py:388 -- Autoscaler has not yet received load metrics. Waiting.
2025-01-01 14:32:01,790	INFO monitor.py:388 -- Autoscaler has not yet received load metrics. Waiting.
2025-01-01 14:32:06,800	INFO monitor.py:388 -- Autoscaler has not yet received load metrics. Waiting.
2025-01-01 14:32:11,809	INFO monitor.py:388 -- Autoscaler has not yet received load metrics. Waiting.
2025-01-01 14:32:16,819	INFO monitor.py:388 -- Autoscaler has not yet received load metrics. Waiting.
2025-01-01 14:32:21,827	INFO monitor.py:388 -- Autoscaler has not yet received load metrics. Waiting.
2025-01-01 14:32:26,836	INFO monitor.py:388 -- Autoscaler has not yet received load metrics. Waiting.
2025-01-01 14:32:31,843	INFO monitor.py:388 -- Autoscaler has not yet received load metrics. Waiting.
2025-01-01 14:32:36,851	INFO monitor.py:388 -- Autoscaler has not yet received load metrics. Waiting.
2025-01-01 14:32:41,859	INFO monitor.py:388 -- Autoscaler has not yet received load metrics. Waiting.
2025-01-01 14:32:46,869	INFO monitor.py:388 -- Autoscaler has not yet received load metrics. Waiting.
2025-01-01 14:32:51,875	INFO monitor.py:388 -- Autoscaler has not yet received load metrics. Waiting.
2025-01-01 14:32:56,885	INFO monitor.py:388 -- Autoscaler has not yet received load metrics. Waiting.
2025-01-01 14:33:01,896	INFO monitor.py:388 -- Autoscaler has not yet received load metrics. Waiting.
2025-01-01 14:33:06,905	INFO monitor.py:388 -- Autoscaler has not yet received load metrics. Waiting.
2025-01-01 14:33:11,915	INFO monitor.py:388 -- Autoscaler has not yet received load metrics. Waiting.
2025-01-01 14:33:16,924	INFO monitor.py:388 -- Autoscaler has not yet received load metrics. Waiting.
2025-01-01 14:33:21,934	INFO monitor.py:388 -- Autoscaler has not yet received load metrics. Waiting.
2025-01-01 14:33:26,947	INFO monitor.py:388 -- Autoscaler has not yet received load metrics. Waiting.
2025-01-01 14:33:31,956	INFO monitor.py:388 -- Autoscaler has not yet received load metrics. Waiting.
2025-01-01 14:33:36,969	INFO monitor.py:388 -- Autoscaler has not yet received load metrics. Waiting.
2025-01-01 14:33:41,981	INFO monitor.py:388 -- Autoscaler has not yet received load metrics. Waiting.
2025-01-01 14:33:46,987	INFO monitor.py:388 -- Autoscaler has not yet received load metrics. Waiting.
2025-01-01 14:33:51,992	INFO monitor.py:388 -- Autoscaler has not yet received load metrics. Waiting.
2025-01-01 14:33:57,003	INFO monitor.py:388 -- Autoscaler has not yet received load metrics. Waiting.
2025-01-01 14:34:02,012	INFO monitor.py:388 -- Autoscaler has not yet received load metrics. Waiting.
2025-01-01 14:34:07,022	INFO monitor.py:388 -- Autoscaler has not yet received load metrics. Waiting.
2025-01-01 14:34:12,033	INFO monitor.py:388 -- Autoscaler has not yet received load metrics. Waiting.
2025-01-01 14:34:17,041	INFO monitor.py:388 -- Autoscaler has not yet received load metrics. Waiting.
2025-01-01 14:34:22,051	INFO monitor.py:388 -- Autoscaler has not yet received load metrics. Waiting.
2025-01-01 14:34:27,060	INFO monitor.py:388 -- Autoscaler has not yet received load metrics. Waiting.
2025-01-01 14:34:32,067	INFO monitor.py:388 -- Autoscaler has not yet received load metrics. Waiting.
2025-01-01 14:34:37,072	INFO monitor.py:388 -- Autoscaler has not yet received load metrics. Waiting.
2025-01-01 14:34:42,079	INFO monitor.py:388 -- Autoscaler has not yet received load metrics. Waiting.
2025-01-01 14:34:47,083	INFO monitor.py:388 -- Autoscaler has not yet received load metrics. Waiting.
2025-01-01 14:34:52,093	INFO monitor.py:388 -- Autoscaler has not yet received load metrics. Waiting.
2025-01-01 14:34:57,099	INFO monitor.py:388 -- Autoscaler has not yet received load metrics. Waiting.
2025-01-01 14:35:02,108	INFO monitor.py:388 -- Autoscaler has not yet received load metrics. Waiting.
2025-01-01 14:35:07,118	INFO monitor.py:388 -- Autoscaler has not yet received load metrics. Waiting.
2025-01-01 14:35:12,127	INFO monitor.py:388 -- Autoscaler has not yet received load metrics. Waiting.
2025-01-01 14:35:17,137	INFO monitor.py:388 -- Autoscaler has not yet received load metrics. Waiting.
2025-01-01 14:35:22,146	INFO monitor.py:388 -- Autoscaler has not yet received load metrics. Waiting.
2025-01-01 14:35:27,156	INFO monitor.py:388 -- Autoscaler has not yet received load metrics. Waiting.
2025-01-01 14:35:32,166	INFO monitor.py:388 -- Autoscaler has not yet received load metrics. Waiting.
2025-01-01 14:35:37,176	INFO monitor.py:388 -- Autoscaler has not yet received load metrics. Waiting.
2025-01-01 14:35:42,183	INFO monitor.py:388 -- Autoscaler has not yet received load metrics. Waiting.
2025-01-01 14:35:47,186	INFO monitor.py:388 -- Autoscaler has not yet received load metrics. Waiting.
2025-01-01 14:35:52,189	INFO monitor.py:388 -- Autoscaler has not yet received load metrics. Waiting.
2025-01-01 14:35:57,196	INFO monitor.py:388 -- Autoscaler has not yet received load metrics. Waiting.
2025-01-01 14:36:02,201	INFO monitor.py:388 -- Autoscaler has not yet received load metrics. Waiting.
2025-01-01 14:36:07,206	INFO monitor.py:388 -- Autoscaler has not yet received load metrics. Waiting.
2025-01-01 14:36:12,210	INFO monitor.py:388 -- Autoscaler has not yet received load metrics. Waiting.
2025-01-01 14:36:17,218	INFO monitor.py:388 -- Autoscaler has not yet received load metrics. Waiting.
2025-01-01 14:36:22,226	INFO monitor.py:388 -- Autoscaler has not yet received load metrics. Waiting.
2025-01-01 14:36:27,231	INFO monitor.py:388 -- Autoscaler has not yet received load metrics. Waiting.
2025-01-01 14:36:32,235	INFO monitor.py:388 -- Autoscaler has not yet received load metrics. Waiting.
2025-01-01 14:36:37,242	INFO monitor.py:388 -- Autoscaler has not yet received load metrics. Waiting.
2025-01-01 14:36:42,250	INFO monitor.py:388 -- Autoscaler has not yet received load metrics. Waiting.
2025-01-01 14:36:47,259	INFO monitor.py:388 -- Autoscaler has not yet received load metrics. Waiting.
2025-01-01 14:36:52,263	INFO monitor.py:388 -- Autoscaler has not yet received load metrics. Waiting.
2025-01-01 14:36:57,271	INFO monitor.py:388 -- Autoscaler has not yet received load metrics. Waiting.
2025-01-01 14:37:02,278	INFO monitor.py:388 -- Autoscaler has not yet received load metrics. Waiting.
2025-01-01 14:37:07,286	INFO monitor.py:388 -- Autoscaler has not yet received load metrics. Waiting.
2025-01-01 14:37:12,294	INFO monitor.py:388 -- Autoscaler has not yet received load metrics. Waiting.
2025-01-01 14:37:17,298	INFO monitor.py:388 -- Autoscaler has not yet received load metrics. Waiting.
2025-01-01 14:37:22,305	INFO monitor.py:388 -- Autoscaler has not yet received load metrics. Waiting.
2025-01-01 14:37:27,314	INFO monitor.py:388 -- Autoscaler has not yet received load metrics. Waiting.
2025-01-01 14:37:32,322	INFO monitor.py:388 -- Autoscaler has not yet received load metrics. Waiting.
2025-01-01 14:37:37,329	INFO monitor.py:388 -- Autoscaler has not yet received load metrics. Waiting.
2025-01-01 14:37:42,338	INFO monitor.py:388 -- Autoscaler has not yet received load metrics. Waiting.
2025-01-01 14:37:47,346	INFO monitor.py:388 -- Autoscaler has not yet received load metrics. Waiting.
2025-01-01 14:37:52,352	INFO monitor.py:388 -- Autoscaler has not yet received load metrics. Waiting.
2025-01-01 14:37:57,357	INFO monitor.py:388 -- Autoscaler has not yet received load metrics. Waiting.
2025-01-01 14:38:02,362	INFO monitor.py:388 -- Autoscaler has not yet received load metrics. Waiting.
2025-01-01 14:38:07,368	INFO monitor.py:388 -- Autoscaler has not yet received load metrics. Waiting.
2025-01-01 14:38:12,372	INFO monitor.py:388 -- Autoscaler has not yet received load metrics. Waiting.
2025-01-01 14:38:17,379	INFO monitor.py:388 -- Autoscaler has not yet received load metrics. Waiting.
2025-01-01 14:38:22,386	INFO monitor.py:388 -- Autoscaler has not yet received load metrics. Waiting.
2025-01-01 14:38:27,393	INFO monitor.py:388 -- Autoscaler has not yet received load metrics. Waiting.
2025-01-01 14:38:32,399	INFO monitor.py:388 -- Autoscaler has not yet received load metrics. Waiting.
2025-01-01 14:38:37,407	INFO monitor.py:388 -- Autoscaler has not yet received load metrics. Waiting.
2025-01-01 14:38:42,412	INFO monitor.py:388 -- Autoscaler has not yet received load metrics. Waiting.
2025-01-01 14:38:47,421	INFO monitor.py:388 -- Autoscaler has not yet received load metrics. Waiting.
2025-01-01 14:38:52,431	INFO monitor.py:388 -- Autoscaler has not yet received load metrics. Waiting.
2025-01-01 14:38:57,439	INFO monitor.py:388 -- Autoscaler has not yet received load metrics. Waiting.
2025-01-01 14:39:02,447	INFO monitor.py:388 -- Autoscaler has not yet received load metrics. Waiting.
2025-01-01 14:39:07,457	INFO monitor.py:388 -- Autoscaler has not yet received load metrics. Waiting.
2025-01-01 14:39:12,463	INFO monitor.py:388 -- Autoscaler has not yet received load metrics. Waiting.
2025-01-01 14:39:17,473	INFO monitor.py:388 -- Autoscaler has not yet received load metrics. Waiting.
2025-01-01 14:39:22,485	INFO monitor.py:388 -- Autoscaler has not yet received load metrics. Waiting.
2025-01-01 14:39:27,495	INFO monitor.py:388 -- Autoscaler has not yet received load metrics. Waiting.
2025-01-01 14:39:32,513	INFO monitor.py:388 -- Autoscaler has not yet received load metrics. Waiting.
2025-01-01 14:39:37,521	INFO monitor.py:388 -- Autoscaler has not yet received load metrics. Waiting.
2025-01-01 14:39:42,530	INFO monitor.py:388 -- Autoscaler has not yet received load metrics. Waiting.
2025-01-01 14:39:47,539	INFO monitor.py:388 -- Autoscaler has not yet received load metrics. Waiting.
2025-01-01 14:39:52,550	INFO monitor.py:388 -- Autoscaler has not yet received load metrics. Waiting.
2025-01-01 14:39:57,559	INFO monitor.py:388 -- Autoscaler has not yet received load metrics. Waiting.
2025-01-01 14:40:02,565	INFO monitor.py:388 -- Autoscaler has not yet received load metrics. Waiting.
2025-01-01 14:40:07,575	INFO monitor.py:388 -- Autoscaler has not yet received load metrics. Waiting.
2025-01-01 14:40:12,584	INFO monitor.py:388 -- Autoscaler has not yet received load metrics. Waiting.
2025-01-01 14:40:17,591	INFO monitor.py:388 -- Autoscaler has not yet received load metrics. Waiting.
2025-01-01 14:40:22,595	INFO monitor.py:388 -- Autoscaler has not yet received load metrics. Waiting.
2025-01-01 14:40:27,602	INFO monitor.py:388 -- Autoscaler has not yet received load metrics. Waiting.
2025-01-01 14:40:32,608	INFO monitor.py:388 -- Autoscaler has not yet received load metrics. Waiting.
2025-01-01 14:40:37,620	INFO monitor.py:388 -- Autoscaler has not yet received load metrics. Waiting.
2025-01-01 14:40:42,629	INFO monitor.py:388 -- Autoscaler has not yet received load metrics. Waiting.
2025-01-01 14:40:47,635	INFO monitor.py:388 -- Autoscaler has not yet received load metrics. Waiting.
2025-01-01 14:40:52,642	INFO monitor.py:388 -- Autoscaler has not yet received load metrics. Waiting.
2025-01-01 14:40:57,647	INFO monitor.py:388 -- Autoscaler has not yet received load metrics. Waiting.
2025-01-01 14:41:02,659	INFO monitor.py:388 -- Autoscaler has not yet received load metrics. Waiting.
2025-01-01 14:41:07,663	INFO monitor.py:388 -- Autoscaler has not yet received load metrics. Waiting.
2025-01-01 14:41:12,667	INFO monitor.py:388 -- Autoscaler has not yet received load metrics. Waiting.
2025-01-01 14:41:17,676	INFO monitor.py:388 -- Autoscaler has not yet received load metrics. Waiting.
2025-01-01 14:41:22,686	INFO monitor.py:388 -- Autoscaler has not yet received load metrics. Waiting.
2025-01-01 14:41:27,694	INFO monitor.py:388 -- Autoscaler has not yet received load metrics. Waiting.
2025-01-01 14:41:32,699	INFO monitor.py:388 -- Autoscaler has not yet received load metrics. Waiting.
2025-01-01 14:41:37,710	INFO monitor.py:388 -- Autoscaler has not yet received load metrics. Waiting.
2025-01-01 14:41:42,719	INFO monitor.py:388 -- Autoscaler has not yet received load metrics. Waiting.
2025-01-01 14:41:47,727	INFO monitor.py:388 -- Autoscaler has not yet received load metrics. Waiting.
2025-01-01 14:41:52,737	INFO monitor.py:388 -- Autoscaler has not yet received load metrics. Waiting.
2025-01-01 14:41:57,743	INFO monitor.py:388 -- Autoscaler has not yet received load metrics. Waiting.
2025-01-01 14:42:02,753	INFO monitor.py:388 -- Autoscaler has not yet received load metrics. Waiting.
2025-01-01 14:42:07,827	INFO monitor.py:388 -- Autoscaler has not yet received load metrics. Waiting.
2025-01-01 14:42:12,842	INFO monitor.py:388 -- Autoscaler has not yet received load metrics. Waiting.
2025-01-01 14:42:17,853	INFO monitor.py:388 -- Autoscaler has not yet received load metrics. Waiting.
2025-01-01 14:42:22,863	INFO monitor.py:388 -- Autoscaler has not yet received load metrics. Waiting.
2025-01-01 14:42:27,874	INFO monitor.py:388 -- Autoscaler has not yet received load metrics. Waiting.
2025-01-01 14:42:32,888	INFO monitor.py:388 -- Autoscaler has not yet received load metrics. Waiting.
2025-01-01 14:42:37,898	INFO monitor.py:388 -- Autoscaler has not yet received load metrics. Waiting.
2025-01-01 14:42:42,910	INFO monitor.py:388 -- Autoscaler has not yet received load metrics. Waiting.
2025-01-01 14:42:47,921	INFO monitor.py:388 -- Autoscaler has not yet received load metrics. Waiting.
2025-01-01 14:42:52,931	INFO monitor.py:388 -- Autoscaler has not yet received load metrics. Waiting.
2025-01-01 14:42:57,939	INFO monitor.py:388 -- Autoscaler has not yet received load metrics. Waiting.
2025-01-01 14:43:02,950	INFO monitor.py:388 -- Autoscaler has not yet received load metrics. Waiting.
2025-01-01 14:43:07,961	INFO monitor.py:388 -- Autoscaler has not yet received load metrics. Waiting.
2025-01-01 14:43:12,974	INFO monitor.py:388 -- Autoscaler has not yet received load metrics. Waiting.
2025-01-01 14:43:17,981	INFO monitor.py:388 -- Autoscaler has not yet received load metrics. Waiting.
2025-01-01 14:43:22,989	INFO monitor.py:388 -- Autoscaler has not yet received load metrics. Waiting.
2025-01-01 14:43:27,999	INFO monitor.py:388 -- Autoscaler has not yet received load metrics. Waiting.
2025-01-01 14:43:33,008	INFO monitor.py:388 -- Autoscaler has not yet received load metrics. Waiting.
2025-01-01 14:43:38,016	INFO monitor.py:388 -- Autoscaler has not yet received load metrics. Waiting.
2025-01-01 14:43:43,025	INFO monitor.py:388 -- Autoscaler has not yet received load metrics. Waiting.
2025-01-01 14:43:48,032	INFO monitor.py:388 -- Autoscaler has not yet received load metrics. Waiting.
2025-01-01 14:43:53,038	INFO monitor.py:388 -- Autoscaler has not yet received load metrics. Waiting.
2025-01-01 14:43:58,047	INFO monitor.py:388 -- Autoscaler has not yet received load metrics. Waiting.
2025-01-01 14:44:03,055	INFO monitor.py:388 -- Autoscaler has not yet received load metrics. Waiting.
2025-01-01 14:44:08,063	INFO monitor.py:388 -- Autoscaler has not yet received load metrics. Waiting.
2025-01-01 14:44:10,971	ERROR monitor.py:503 -- Error in monitor loop
NoneType: None
2025-01-01 14:44:11,000	ERROR monitor.py:535 -- Monitor: Failure in signal handler.
Traceback (most recent call last):
  File "/home/jh146/ptl_rdf/QFL-MLNCP-NeurIPS/fedqnn-3/lib/python3.10/site-packages/ray/autoscaler/_private/monitor.py", line 530, in _signal_handler
    self._handle_failure(
  File "/home/jh146/ptl_rdf/QFL-MLNCP-NeurIPS/fedqnn-3/lib/python3.10/site-packages/ray/autoscaler/_private/monitor.py", line 516, in _handle_failure
    _internal_kv_put(
  File "/home/jh146/ptl_rdf/QFL-MLNCP-NeurIPS/fedqnn-3/lib/python3.10/site-packages/ray/_private/client_mode_hook.py", line 105, in wrapper
    return func(*args, **kwargs)
  File "/home/jh146/ptl_rdf/QFL-MLNCP-NeurIPS/fedqnn-3/lib/python3.10/site-packages/ray/experimental/internal_kv.py", line 94, in _internal_kv_put
    return global_gcs_client.internal_kv_put(key, value, overwrite, namespace) == 0
  File "/home/jh146/ptl_rdf/QFL-MLNCP-NeurIPS/fedqnn-3/lib/python3.10/site-packages/ray/_private/gcs_utils.py", line 198, in wrapper
    return f(self, *args, **kwargs)
  File "/home/jh146/ptl_rdf/QFL-MLNCP-NeurIPS/fedqnn-3/lib/python3.10/site-packages/ray/_private/gcs_utils.py", line 317, in internal_kv_put
    reply = self._kv_stub.InternalKVPut(req, timeout=timeout)
  File "/home/jh146/ptl_rdf/QFL-MLNCP-NeurIPS/fedqnn-3/lib/python3.10/site-packages/grpc/_channel.py", line 1181, in __call__
    return _end_unary_response_blocking(state, call, False, None)
  File "/home/jh146/ptl_rdf/QFL-MLNCP-NeurIPS/fedqnn-3/lib/python3.10/site-packages/grpc/_channel.py", line 1006, in _end_unary_response_blocking
    raise _InactiveRpcError(state)  # pytype: disable=not-instantiable
grpc._channel._InactiveRpcError: <_InactiveRpcError of RPC that terminated with:
	status = StatusCode.CANCELLED
	details = "CANCELLED"
	debug_error_string = "UNKNOWN:Error received from peer  {created_time:"2025-01-01T14:44:10.999615441-06:00", grpc_status:1, grpc_message:"CANCELLED"}"
>
