[2025-01-01 14:30:53,905 I 38186 38186] (raylet) io_service_pool.cc:35: IOServicePool is running with 1 io_service.
[2025-01-01 14:30:53,906 I 38186 38186] (raylet) store_runner.cc:32: Allowing the Plasma store to use up to 8.3238GB of memory.
[2025-01-01 14:30:53,906 I 38186 38186] (raylet) store_runner.cc:48: Starting object store with directory /dev/shm, fallback ./tmpdir, and huge page support disabled
[2025-01-01 14:30:53,906 I 38186 38252] (raylet) dlmalloc.cc:154: create_and_mmap_buffer(8323858440, /dev/shm/plasmaXXXXXX)
[2025-01-01 14:30:53,919 E 38186 38252] (raylet) logging.cc:97: Unhandled exception: N5boost10wrapexceptINS_6system12system_errorEEE. what(): Invalid argument
[2025-01-01 14:30:53,919 E 38186 38186] (raylet) logging.cc:97: Unhandled exception: N5boost10wrapexceptINS_6system12system_errorEEE. what(): Invalid argument
[2025-01-01 14:30:53,958 E 38186 38252] (raylet) logging.cc:104: Stack trace: 
 /home/jh146/ptl_rdf/QFL-MLNCP-NeurIPS/fedqnn-3/lib/python3.10/site-packages/ray/core/src/ray/raylet/raylet(+0x51a7fa) [0x563ca87297fa] ray::operator<<()
/home/jh146/ptl_rdf/QFL-MLNCP-NeurIPS/fedqnn-3/lib/python3.10/site-packages/ray/core/src/ray/raylet/raylet(+0x51cfa8) [0x563ca872bfa8] ray::TerminateHandler()
/lib/x86_64-linux-gnu/libstdc++.so.6(+0xaa37c) [0x7f0d30f9037c]
/lib/x86_64-linux-gnu/libstdc++.so.6(+0xaa3e7) [0x7f0d30f903e7]
/lib/x86_64-linux-gnu/libstdc++.so.6(+0xaa699) [0x7f0d30f90699]
/home/jh146/ptl_rdf/QFL-MLNCP-NeurIPS/fedqnn-3/lib/python3.10/site-packages/ray/core/src/ray/raylet/raylet(+0x15bf3e) [0x563ca836af3e] boost::throw_exception<>()
/home/jh146/ptl_rdf/QFL-MLNCP-NeurIPS/fedqnn-3/lib/python3.10/site-packages/ray/core/src/ray/raylet/raylet(+0xa77360) [0x563ca8c86360] boost::asio::detail::do_throw_error()
/home/jh146/ptl_rdf/QFL-MLNCP-NeurIPS/fedqnn-3/lib/python3.10/site-packages/ray/core/src/ray/raylet/raylet(+0xa77560) [0x563ca8c86560] boost::asio::ip::make_address()
/home/jh146/ptl_rdf/QFL-MLNCP-NeurIPS/fedqnn-3/lib/python3.10/site-packages/ray/core/src/ray/raylet/raylet(+0xa77585) [0x563ca8c86585] boost::asio::ip::make_address()
/home/jh146/ptl_rdf/QFL-MLNCP-NeurIPS/fedqnn-3/lib/python3.10/site-packages/ray/core/src/ray/raylet/raylet(+0x51761c) [0x563ca872661c] ParseUrlEndpoint()
/home/jh146/ptl_rdf/QFL-MLNCP-NeurIPS/fedqnn-3/lib/python3.10/site-packages/ray/core/src/ray/raylet/raylet(+0x3347e6) [0x563ca85437e6] plasma::PlasmaStore::PlasmaStore()
/home/jh146/ptl_rdf/QFL-MLNCP-NeurIPS/fedqnn-3/lib/python3.10/site-packages/ray/core/src/ray/raylet/raylet(+0x32d668) [0x563ca853c668] plasma::PlasmaStoreRunner::Start()
/home/jh146/ptl_rdf/QFL-MLNCP-NeurIPS/fedqnn-3/lib/python3.10/site-packages/ray/core/src/ray/raylet/raylet(+0x2c92c5) [0x563ca84d82c5] std::thread::_State_impl<>::_M_run()
/home/jh146/ptl_rdf/QFL-MLNCP-NeurIPS/fedqnn-3/lib/python3.10/site-packages/ray/core/src/ray/raylet/raylet(+0xac4010) [0x563ca8cd3010] execute_native_thread_routine
/lib/x86_64-linux-gnu/libpthread.so.0(+0x8609) [0x7f0d31229609] start_thread
/lib/x86_64-linux-gnu/libc.so.6(clone+0x43) [0x7f0d30df8353] __clone

[2025-01-01 14:30:53,958 E 38186 38252] (raylet) logging.cc:361: *** SIGABRT received at time=1735763453 on cpu 7 ***
[2025-01-01 14:30:53,958 E 38186 38252] (raylet) logging.cc:361: PC: @     0x7f0d30d1c00b  (unknown)  raise
[2025-01-01 14:30:53,958 E 38186 38252] (raylet) logging.cc:361:     @     0x7f0d31235420       2208  (unknown)
[2025-01-01 14:30:53,958 E 38186 38252] (raylet) logging.cc:361:     @     0x7f0d30f9037c  (unknown)  (unknown)
[2025-01-01 14:30:53,958 E 38186 38252] (raylet) logging.cc:361:     @     0x7f0d30f905c0  (unknown)  (unknown)
