2025-01-01 15:19:00,409	INFO head.py:135 -- Dashboard head grpc address: 0.0.0.0:43347
2025-01-01 15:19:00,415	WARNING head.py:255 -- `prometheus_client` not found, so metrics will not be exported.
2025-01-01 15:19:00,418	INFO utils.py:112 -- Get all modules by type: DashboardHeadModule
2025-01-01 15:19:00,468	INFO utils.py:123 -- Module ray.dashboard.modules.actor.actor_head cannot be loaded because we cannot import all dependencies. Install this module using `pip install 'ray[default]'` for the full dashboard functionality. Error: No module named 'aiohttp'
2025-01-01 15:19:01,692	INFO utils.py:123 -- Module ray.dashboard.modules.event.event_head cannot be loaded because we cannot import all dependencies. Install this module using `pip install 'ray[default]'` for the full dashboard functionality. Error: No module named 'aiohttp'
2025-01-01 15:19:01,722	INFO utils.py:123 -- Module ray.dashboard.modules.healthz.healthz_agent cannot be loaded because we cannot import all dependencies. Install this module using `pip install 'ray[default]'` for the full dashboard functionality. Error: No module named 'aiohttp'
2025-01-01 15:19:01,729	INFO utils.py:123 -- Module ray.dashboard.modules.healthz.healthz_head cannot be loaded because we cannot import all dependencies. Install this module using `pip install 'ray[default]'` for the full dashboard functionality. Error: No module named 'aiohttp'
2025-01-01 15:19:01,749	INFO utils.py:123 -- Module ray.dashboard.modules.job.cli cannot be loaded because we cannot import all dependencies. Install this module using `pip install 'ray[default]'` for the full dashboard functionality. Error: No module named 'pydantic'
2025-01-01 15:19:01,752	INFO utils.py:123 -- Module ray.dashboard.modules.job.job_agent cannot be loaded because we cannot import all dependencies. Install this module using `pip install 'ray[default]'` for the full dashboard functionality. Error: No module named 'aiohttp'
2025-01-01 15:19:01,756	INFO utils.py:123 -- Module ray.dashboard.modules.job.job_head cannot be loaded because we cannot import all dependencies. Install this module using `pip install 'ray[default]'` for the full dashboard functionality. Error: No module named 'aiohttp'
2025-01-01 15:19:01,777	INFO utils.py:123 -- Module ray.dashboard.modules.job.job_manager cannot be loaded because we cannot import all dependencies. Install this module using `pip install 'ray[default]'` for the full dashboard functionality. Error: No module named 'pydantic'
2025-01-01 15:19:01,780	INFO utils.py:123 -- Module ray.dashboard.modules.job.pydantic_models cannot be loaded because we cannot import all dependencies. Install this module using `pip install 'ray[default]'` for the full dashboard functionality. Error: No module named 'pydantic'
2025-01-01 15:19:01,820	INFO utils.py:123 -- Module ray.dashboard.modules.log.log_agent cannot be loaded because we cannot import all dependencies. Install this module using `pip install 'ray[default]'` for the full dashboard functionality. Error: No module named 'aiohttp'
2025-01-01 15:19:01,823	INFO utils.py:123 -- Module ray.dashboard.modules.log.log_head cannot be loaded because we cannot import all dependencies. Install this module using `pip install 'ray[default]'` for the full dashboard functionality. Error: No module named 'aiohttp'
2025-01-01 15:19:01,965	INFO utils.py:123 -- Module ray.dashboard.modules.metrics.metrics_head cannot be loaded because we cannot import all dependencies. Install this module using `pip install 'ray[default]'` for the full dashboard functionality. Error: No module named 'aiohttp'
2025-01-01 15:19:01,983	INFO utils.py:123 -- Module ray.dashboard.modules.node.node_head cannot be loaded because we cannot import all dependencies. Install this module using `pip install 'ray[default]'` for the full dashboard functionality. Error: No module named 'aiohttp'
2025-01-01 15:19:02,022	INFO utils.py:123 -- Module ray.dashboard.modules.reporter.reporter_agent cannot be loaded because we cannot import all dependencies. Install this module using `pip install 'ray[default]'` for the full dashboard functionality. Error: No module named 'opencensus'
2025-01-01 15:19:02,025	INFO utils.py:123 -- Module ray.dashboard.modules.reporter.reporter_head cannot be loaded because we cannot import all dependencies. Install this module using `pip install 'ray[default]'` for the full dashboard functionality. Error: No module named 'aiohttp'
2025-01-01 15:19:02,068	INFO utils.py:123 -- Module ray.dashboard.modules.serve.serve_agent cannot be loaded because we cannot import all dependencies. Install this module using `pip install 'ray[default]'` for the full dashboard functionality. Error: No module named 'aiohttp'
2025-01-01 15:19:02,082	INFO utils.py:123 -- Module ray.dashboard.modules.snapshot.snapshot_head cannot be loaded because we cannot import all dependencies. Install this module using `pip install 'ray[default]'` for the full dashboard functionality. Error: No module named 'aiohttp'
2025-01-01 15:19:02,097	INFO utils.py:123 -- Module ray.dashboard.modules.state.state_head cannot be loaded because we cannot import all dependencies. Install this module using `pip install 'ray[default]'` for the full dashboard functionality. Error: No module named 'aiohttp'
2025-01-01 15:19:02,112	INFO utils.py:123 -- Module ray.dashboard.modules.test.test_agent cannot be loaded because we cannot import all dependencies. Install this module using `pip install 'ray[default]'` for the full dashboard functionality. Error: No module named 'aiohttp'
2025-01-01 15:19:02,116	INFO utils.py:123 -- Module ray.dashboard.modules.test.test_head cannot be loaded because we cannot import all dependencies. Install this module using `pip install 'ray[default]'` for the full dashboard functionality. Error: No module named 'aiohttp'
2025-01-01 15:19:02,119	INFO utils.py:123 -- Module ray.dashboard.modules.test.test_utils cannot be loaded because we cannot import all dependencies. Install this module using `pip install 'ray[default]'` for the full dashboard functionality. Error: No module named 'async_timeout'
2025-01-01 15:19:02,142	INFO utils.py:145 -- Available modules: [<class 'ray.dashboard.modules.usage_stats.usage_stats_head.UsageStatsHead'>]
2025-01-01 15:19:02,142	INFO head.py:208 -- Modules to load: {'UsageStatsHead'}
2025-01-01 15:19:02,145	INFO head.py:211 -- Loading DashboardHeadModule: <class 'ray.dashboard.modules.usage_stats.usage_stats_head.UsageStatsHead'>
2025-01-01 15:19:02,147	INFO head.py:224 -- Loaded 1 modules. [<ray.dashboard.modules.usage_stats.usage_stats_head.UsageStatsHead object at 0x7f754854f3d0>]
2025-01-01 15:19:02,149	INFO head.py:305 -- http server disabled.
2025-01-01 15:19:02,153	INFO usage_stats_head.py:168 -- Usage reporting is disabled.
2025-01-01 15:20:40,186	WARNING dashboard.py:216 -- Exiting with SIGTERM immediately...
