2025-01-01 15:36:53,928	INFO head.py:135 -- Dashboard head grpc address: 0.0.0.0:35559
2025-01-01 15:36:53,935	WARNING head.py:255 -- `prometheus_client` not found, so metrics will not be exported.
2025-01-01 15:36:53,938	INFO utils.py:112 -- Get all modules by type: DashboardHeadModule
2025-01-01 15:36:53,982	INFO utils.py:123 -- Module ray.dashboard.modules.actor.actor_head cannot be loaded because we cannot import all dependencies. Install this module using `pip install 'ray[default]'` for the full dashboard functionality. Error: No module named 'aiohttp'
2025-01-01 15:36:54,886	INFO utils.py:123 -- Module ray.dashboard.modules.event.event_head cannot be loaded because we cannot import all dependencies. Install this module using `pip install 'ray[default]'` for the full dashboard functionality. Error: No module named 'aiohttp'
2025-01-01 15:36:54,912	INFO utils.py:123 -- Module ray.dashboard.modules.healthz.healthz_agent cannot be loaded because we cannot import all dependencies. Install this module using `pip install 'ray[default]'` for the full dashboard functionality. Error: No module named 'aiohttp'
2025-01-01 15:36:54,917	INFO utils.py:123 -- Module ray.dashboard.modules.healthz.healthz_head cannot be loaded because we cannot import all dependencies. Install this module using `pip install 'ray[default]'` for the full dashboard functionality. Error: No module named 'aiohttp'
2025-01-01 15:36:54,941	INFO utils.py:123 -- Module ray.dashboard.modules.job.cli cannot be loaded because we cannot import all dependencies. Install this module using `pip install 'ray[default]'` for the full dashboard functionality. Error: No module named 'pydantic'
2025-01-01 15:36:54,944	INFO utils.py:123 -- Module ray.dashboard.modules.job.job_agent cannot be loaded because we cannot import all dependencies. Install this module using `pip install 'ray[default]'` for the full dashboard functionality. Error: No module named 'aiohttp'
2025-01-01 15:36:54,948	INFO utils.py:123 -- Module ray.dashboard.modules.job.job_head cannot be loaded because we cannot import all dependencies. Install this module using `pip install 'ray[default]'` for the full dashboard functionality. Error: No module named 'aiohttp'
2025-01-01 15:36:54,976	INFO utils.py:123 -- Module ray.dashboard.modules.job.job_manager cannot be loaded because we cannot import all dependencies. Install this module using `pip install 'ray[default]'` for the full dashboard functionality. Error: No module named 'pydantic'
2025-01-01 15:36:54,979	INFO utils.py:123 -- Module ray.dashboard.modules.job.pydantic_models cannot be loaded because we cannot import all dependencies. Install this module using `pip install 'ray[default]'` for the full dashboard functionality. Error: No module named 'pydantic'
2025-01-01 15:36:55,002	INFO utils.py:123 -- Module ray.dashboard.modules.log.log_agent cannot be loaded because we cannot import all dependencies. Install this module using `pip install 'ray[default]'` for the full dashboard functionality. Error: No module named 'aiohttp'
2025-01-01 15:36:55,006	INFO utils.py:123 -- Module ray.dashboard.modules.log.log_head cannot be loaded because we cannot import all dependencies. Install this module using `pip install 'ray[default]'` for the full dashboard functionality. Error: No module named 'aiohttp'
2025-01-01 15:36:55,150	INFO utils.py:123 -- Module ray.dashboard.modules.metrics.metrics_head cannot be loaded because we cannot import all dependencies. Install this module using `pip install 'ray[default]'` for the full dashboard functionality. Error: No module named 'aiohttp'
2025-01-01 15:36:55,170	INFO utils.py:123 -- Module ray.dashboard.modules.node.node_head cannot be loaded because we cannot import all dependencies. Install this module using `pip install 'ray[default]'` for the full dashboard functionality. Error: No module named 'aiohttp'
2025-01-01 15:36:55,205	INFO utils.py:123 -- Module ray.dashboard.modules.reporter.reporter_agent cannot be loaded because we cannot import all dependencies. Install this module using `pip install 'ray[default]'` for the full dashboard functionality. Error: No module named 'opencensus'
2025-01-01 15:36:55,208	INFO utils.py:123 -- Module ray.dashboard.modules.reporter.reporter_head cannot be loaded because we cannot import all dependencies. Install this module using `pip install 'ray[default]'` for the full dashboard functionality. Error: No module named 'aiohttp'
2025-01-01 15:36:55,260	INFO utils.py:123 -- Module ray.dashboard.modules.serve.serve_agent cannot be loaded because we cannot import all dependencies. Install this module using `pip install 'ray[default]'` for the full dashboard functionality. Error: No module named 'aiohttp'
2025-01-01 15:36:55,276	INFO utils.py:123 -- Module ray.dashboard.modules.snapshot.snapshot_head cannot be loaded because we cannot import all dependencies. Install this module using `pip install 'ray[default]'` for the full dashboard functionality. Error: No module named 'aiohttp'
2025-01-01 15:36:55,294	INFO utils.py:123 -- Module ray.dashboard.modules.state.state_head cannot be loaded because we cannot import all dependencies. Install this module using `pip install 'ray[default]'` for the full dashboard functionality. Error: No module named 'aiohttp'
2025-01-01 15:36:55,312	INFO utils.py:123 -- Module ray.dashboard.modules.test.test_agent cannot be loaded because we cannot import all dependencies. Install this module using `pip install 'ray[default]'` for the full dashboard functionality. Error: No module named 'aiohttp'
2025-01-01 15:36:55,317	INFO utils.py:123 -- Module ray.dashboard.modules.test.test_head cannot be loaded because we cannot import all dependencies. Install this module using `pip install 'ray[default]'` for the full dashboard functionality. Error: No module named 'aiohttp'
2025-01-01 15:36:55,319	INFO utils.py:123 -- Module ray.dashboard.modules.test.test_utils cannot be loaded because we cannot import all dependencies. Install this module using `pip install 'ray[default]'` for the full dashboard functionality. Error: No module named 'async_timeout'
2025-01-01 15:36:55,345	INFO utils.py:145 -- Available modules: [<class 'ray.dashboard.modules.usage_stats.usage_stats_head.UsageStatsHead'>]
2025-01-01 15:36:55,346	INFO head.py:208 -- Modules to load: {'UsageStatsHead'}
2025-01-01 15:36:55,348	INFO head.py:211 -- Loading DashboardHeadModule: <class 'ray.dashboard.modules.usage_stats.usage_stats_head.UsageStatsHead'>
2025-01-01 15:36:55,350	INFO head.py:224 -- Loaded 1 modules. [<ray.dashboard.modules.usage_stats.usage_stats_head.UsageStatsHead object at 0x7ff4ac0e2830>]
2025-01-01 15:36:55,352	INFO head.py:305 -- http server disabled.
2025-01-01 15:36:55,355	INFO usage_stats_head.py:168 -- Usage reporting is disabled.
2025-01-01 15:44:25,142	WARNING dashboard.py:216 -- Exiting with SIGTERM immediately...
