2025-01-01 15:21:33,203	INFO monitor.py:651 -- Starting monitor using ray installation: /home/jh146/ptl_rdf/QFL-MLNCP-NeurIPS/fedqnn-3/lib/python3.10/site-packages/ray/__init__.py
2025-01-01 15:21:33,205	INFO monitor.py:652 -- Ray version: 2.3.0
2025-01-01 15:21:33,208	INFO monitor.py:653 -- Ray commit: cf7a56b4b0b648c324722df7c99c168e92ff0b45
2025-01-01 15:21:33,210	INFO monitor.py:654 -- Monitor started with command: ['/home/jh146/ptl_rdf/QFL-MLNCP-NeurIPS/fedqnn-3/lib/python3.10/site-packages/ray/autoscaler/_private/monitor.py', '--logs-dir=./tmpdir/ray/session_2025-01-01_15-21-29_192500_47729/logs', '--logging-rotate-bytes=536870912', '--logging-rotate-backup-count=5', '--gcs-address=10.134.196.4:55250', '--monitor-ip=10.134.196.4']
2025-01-01 15:21:33,220	INFO monitor.py:167 -- session_name: session_2025-01-01_15-21-29_192500_47729
2025-01-01 15:21:33,235	WARNING monitor.py:214 -- `prometheus_client` not found, so metrics will not be exported.
2025-01-01 15:21:33,235	INFO monitor.py:218 -- Monitor: Started
2025-01-01 15:21:33,276	INFO autoscaler.py:276 -- disable_node_updaters:False
2025-01-01 15:21:33,277	INFO autoscaler.py:284 -- disable_launch_config_check:False
2025-01-01 15:21:33,280	INFO autoscaler.py:296 -- foreground_node_launch:False
2025-01-01 15:21:33,284	INFO autoscaler.py:306 -- worker_liveness_check:True
2025-01-01 15:21:33,286	INFO autoscaler.py:314 -- worker_rpc_drain:True
2025-01-01 15:21:33,289	INFO autoscaler.py:364 -- StandardAutoscaler: {'cluster_name': 'default', 'max_workers': 0, 'upscaling_speed': 1.0, 'docker': {}, 'idle_timeout_minutes': 0, 'provider': {'type': 'readonly', 'use_node_id_as_ip': True}, 'auth': {}, 'available_node_types': {'ray.head.default': {'resources': {}, 'node_config': {}, 'max_workers': 0}}, 'head_node_type': 'ray.head.default', 'file_mounts': {}, 'cluster_synced_files': [], 'file_mounts_sync_continuously': False, 'rsync_exclude': [], 'rsync_filter': [], 'initialization_commands': [], 'setup_commands': [], 'head_setup_commands': [], 'worker_setup_commands': [], 'head_start_ray_commands': [], 'worker_start_ray_commands': [], 'head_node': {}, 'worker_nodes': {}}
2025-01-01 15:21:33,294	INFO monitor.py:388 -- Autoscaler has not yet received load metrics. Waiting.
2025-01-01 15:21:38,302	INFO monitor.py:388 -- Autoscaler has not yet received load metrics. Waiting.
2025-01-01 15:21:43,317	INFO monitor.py:388 -- Autoscaler has not yet received load metrics. Waiting.
2025-01-01 15:21:48,327	INFO monitor.py:388 -- Autoscaler has not yet received load metrics. Waiting.
2025-01-01 15:21:53,337	INFO monitor.py:388 -- Autoscaler has not yet received load metrics. Waiting.
2025-01-01 15:21:58,347	INFO monitor.py:388 -- Autoscaler has not yet received load metrics. Waiting.
2025-01-01 15:22:03,357	INFO monitor.py:388 -- Autoscaler has not yet received load metrics. Waiting.
2025-01-01 15:22:08,367	INFO monitor.py:388 -- Autoscaler has not yet received load metrics. Waiting.
2025-01-01 15:22:13,377	INFO monitor.py:388 -- Autoscaler has not yet received load metrics. Waiting.
2025-01-01 15:22:18,387	INFO monitor.py:388 -- Autoscaler has not yet received load metrics. Waiting.
2025-01-01 15:22:23,398	INFO monitor.py:388 -- Autoscaler has not yet received load metrics. Waiting.
2025-01-01 15:22:28,409	INFO monitor.py:388 -- Autoscaler has not yet received load metrics. Waiting.
2025-01-01 15:22:33,424	INFO monitor.py:388 -- Autoscaler has not yet received load metrics. Waiting.
2025-01-01 15:22:38,435	INFO monitor.py:388 -- Autoscaler has not yet received load metrics. Waiting.
2025-01-01 15:22:43,445	INFO monitor.py:388 -- Autoscaler has not yet received load metrics. Waiting.
2025-01-01 15:22:48,456	INFO monitor.py:388 -- Autoscaler has not yet received load metrics. Waiting.
2025-01-01 15:22:53,466	INFO monitor.py:388 -- Autoscaler has not yet received load metrics. Waiting.
2025-01-01 15:22:58,477	INFO monitor.py:388 -- Autoscaler has not yet received load metrics. Waiting.
2025-01-01 15:23:03,487	INFO monitor.py:388 -- Autoscaler has not yet received load metrics. Waiting.
2025-01-01 15:23:08,495	INFO monitor.py:388 -- Autoscaler has not yet received load metrics. Waiting.
2025-01-01 15:23:13,506	INFO monitor.py:388 -- Autoscaler has not yet received load metrics. Waiting.
2025-01-01 15:23:18,516	INFO monitor.py:388 -- Autoscaler has not yet received load metrics. Waiting.
2025-01-01 15:23:23,522	INFO monitor.py:388 -- Autoscaler has not yet received load metrics. Waiting.
2025-01-01 15:23:28,532	INFO monitor.py:388 -- Autoscaler has not yet received load metrics. Waiting.
2025-01-01 15:23:33,538	INFO monitor.py:388 -- Autoscaler has not yet received load metrics. Waiting.
2025-01-01 15:23:38,552	INFO monitor.py:388 -- Autoscaler has not yet received load metrics. Waiting.
2025-01-01 15:23:43,562	INFO monitor.py:388 -- Autoscaler has not yet received load metrics. Waiting.
2025-01-01 15:23:48,572	INFO monitor.py:388 -- Autoscaler has not yet received load metrics. Waiting.
2025-01-01 15:23:53,582	INFO monitor.py:388 -- Autoscaler has not yet received load metrics. Waiting.
2025-01-01 15:23:58,592	INFO monitor.py:388 -- Autoscaler has not yet received load metrics. Waiting.
2025-01-01 15:24:03,601	INFO monitor.py:388 -- Autoscaler has not yet received load metrics. Waiting.
2025-01-01 15:24:08,611	INFO monitor.py:388 -- Autoscaler has not yet received load metrics. Waiting.
2025-01-01 15:24:13,621	INFO monitor.py:388 -- Autoscaler has not yet received load metrics. Waiting.
2025-01-01 15:24:18,627	INFO monitor.py:388 -- Autoscaler has not yet received load metrics. Waiting.
2025-01-01 15:24:23,637	INFO monitor.py:388 -- Autoscaler has not yet received load metrics. Waiting.
2025-01-01 15:24:28,647	INFO monitor.py:388 -- Autoscaler has not yet received load metrics. Waiting.
2025-01-01 15:24:33,657	INFO monitor.py:388 -- Autoscaler has not yet received load metrics. Waiting.
2025-01-01 15:24:38,667	INFO monitor.py:388 -- Autoscaler has not yet received load metrics. Waiting.
2025-01-01 15:24:43,681	INFO monitor.py:388 -- Autoscaler has not yet received load metrics. Waiting.
2025-01-01 15:24:48,691	INFO monitor.py:388 -- Autoscaler has not yet received load metrics. Waiting.
2025-01-01 15:24:53,701	INFO monitor.py:388 -- Autoscaler has not yet received load metrics. Waiting.
2025-01-01 15:24:58,711	INFO monitor.py:388 -- Autoscaler has not yet received load metrics. Waiting.
2025-01-01 15:25:03,722	INFO monitor.py:388 -- Autoscaler has not yet received load metrics. Waiting.
2025-01-01 15:25:08,732	INFO monitor.py:388 -- Autoscaler has not yet received load metrics. Waiting.
2025-01-01 15:25:13,742	INFO monitor.py:388 -- Autoscaler has not yet received load metrics. Waiting.
2025-01-01 15:25:18,752	INFO monitor.py:388 -- Autoscaler has not yet received load metrics. Waiting.
2025-01-01 15:25:23,762	INFO monitor.py:388 -- Autoscaler has not yet received load metrics. Waiting.
2025-01-01 15:25:28,768	INFO monitor.py:388 -- Autoscaler has not yet received load metrics. Waiting.
2025-01-01 15:25:33,778	INFO monitor.py:388 -- Autoscaler has not yet received load metrics. Waiting.
2025-01-01 15:25:38,788	INFO monitor.py:388 -- Autoscaler has not yet received load metrics. Waiting.
2025-01-01 15:25:43,798	INFO monitor.py:388 -- Autoscaler has not yet received load metrics. Waiting.
2025-01-01 15:25:48,809	INFO monitor.py:388 -- Autoscaler has not yet received load metrics. Waiting.
2025-01-01 15:25:53,819	INFO monitor.py:388 -- Autoscaler has not yet received load metrics. Waiting.
2025-01-01 15:25:58,829	INFO monitor.py:388 -- Autoscaler has not yet received load metrics. Waiting.
2025-01-01 15:26:03,840	INFO monitor.py:388 -- Autoscaler has not yet received load metrics. Waiting.
2025-01-01 15:26:08,850	INFO monitor.py:388 -- Autoscaler has not yet received load metrics. Waiting.
2025-01-01 15:26:13,860	INFO monitor.py:388 -- Autoscaler has not yet received load metrics. Waiting.
2025-01-01 15:26:18,870	INFO monitor.py:388 -- Autoscaler has not yet received load metrics. Waiting.
2025-01-01 15:26:23,881	INFO monitor.py:388 -- Autoscaler has not yet received load metrics. Waiting.
2025-01-01 15:26:28,891	INFO monitor.py:388 -- Autoscaler has not yet received load metrics. Waiting.
2025-01-01 15:26:33,902	INFO monitor.py:388 -- Autoscaler has not yet received load metrics. Waiting.
2025-01-01 15:26:38,913	INFO monitor.py:388 -- Autoscaler has not yet received load metrics. Waiting.
2025-01-01 15:26:43,922	INFO monitor.py:388 -- Autoscaler has not yet received load metrics. Waiting.
2025-01-01 15:26:48,928	INFO monitor.py:388 -- Autoscaler has not yet received load metrics. Waiting.
2025-01-01 15:26:53,938	INFO monitor.py:388 -- Autoscaler has not yet received load metrics. Waiting.
2025-01-01 15:26:58,948	INFO monitor.py:388 -- Autoscaler has not yet received load metrics. Waiting.
2025-01-01 15:27:03,959	INFO monitor.py:388 -- Autoscaler has not yet received load metrics. Waiting.
2025-01-01 15:27:08,967	INFO monitor.py:388 -- Autoscaler has not yet received load metrics. Waiting.
2025-01-01 15:27:13,977	INFO monitor.py:388 -- Autoscaler has not yet received load metrics. Waiting.
2025-01-01 15:27:18,987	INFO monitor.py:388 -- Autoscaler has not yet received load metrics. Waiting.
2025-01-01 15:27:23,998	INFO monitor.py:388 -- Autoscaler has not yet received load metrics. Waiting.
2025-01-01 15:27:29,008	INFO monitor.py:388 -- Autoscaler has not yet received load metrics. Waiting.
2025-01-01 15:27:34,018	INFO monitor.py:388 -- Autoscaler has not yet received load metrics. Waiting.
2025-01-01 15:27:39,028	INFO monitor.py:388 -- Autoscaler has not yet received load metrics. Waiting.
2025-01-01 15:27:44,038	INFO monitor.py:388 -- Autoscaler has not yet received load metrics. Waiting.
2025-01-01 15:27:49,049	INFO monitor.py:388 -- Autoscaler has not yet received load metrics. Waiting.
2025-01-01 15:27:54,057	INFO monitor.py:388 -- Autoscaler has not yet received load metrics. Waiting.
2025-01-01 15:27:59,068	INFO monitor.py:388 -- Autoscaler has not yet received load metrics. Waiting.
2025-01-01 15:28:04,075	INFO monitor.py:388 -- Autoscaler has not yet received load metrics. Waiting.
2025-01-01 15:28:09,083	INFO monitor.py:388 -- Autoscaler has not yet received load metrics. Waiting.
2025-01-01 15:28:14,093	INFO monitor.py:388 -- Autoscaler has not yet received load metrics. Waiting.
2025-01-01 15:28:19,105	INFO monitor.py:388 -- Autoscaler has not yet received load metrics. Waiting.
2025-01-01 15:28:24,116	INFO monitor.py:388 -- Autoscaler has not yet received load metrics. Waiting.
2025-01-01 15:28:29,127	INFO monitor.py:388 -- Autoscaler has not yet received load metrics. Waiting.
2025-01-01 15:28:34,138	INFO monitor.py:388 -- Autoscaler has not yet received load metrics. Waiting.
2025-01-01 15:28:39,152	INFO monitor.py:388 -- Autoscaler has not yet received load metrics. Waiting.
2025-01-01 15:28:44,162	INFO monitor.py:388 -- Autoscaler has not yet received load metrics. Waiting.
2025-01-01 15:28:49,173	INFO monitor.py:388 -- Autoscaler has not yet received load metrics. Waiting.
2025-01-01 15:28:54,183	INFO monitor.py:388 -- Autoscaler has not yet received load metrics. Waiting.
2025-01-01 15:28:59,193	INFO monitor.py:388 -- Autoscaler has not yet received load metrics. Waiting.
2025-01-01 15:29:04,203	INFO monitor.py:388 -- Autoscaler has not yet received load metrics. Waiting.
2025-01-01 15:29:09,211	INFO monitor.py:388 -- Autoscaler has not yet received load metrics. Waiting.
2025-01-01 15:29:14,220	INFO monitor.py:388 -- Autoscaler has not yet received load metrics. Waiting.
2025-01-01 15:29:19,230	INFO monitor.py:388 -- Autoscaler has not yet received load metrics. Waiting.
2025-01-01 15:29:24,240	INFO monitor.py:388 -- Autoscaler has not yet received load metrics. Waiting.
2025-01-01 15:29:29,250	INFO monitor.py:388 -- Autoscaler has not yet received load metrics. Waiting.
2025-01-01 15:29:34,257	INFO monitor.py:388 -- Autoscaler has not yet received load metrics. Waiting.
2025-01-01 15:29:39,264	INFO monitor.py:388 -- Autoscaler has not yet received load metrics. Waiting.
2025-01-01 15:29:44,274	INFO monitor.py:388 -- Autoscaler has not yet received load metrics. Waiting.
2025-01-01 15:29:49,281	INFO monitor.py:388 -- Autoscaler has not yet received load metrics. Waiting.
2025-01-01 15:29:54,292	INFO monitor.py:388 -- Autoscaler has not yet received load metrics. Waiting.
2025-01-01 15:29:59,303	INFO monitor.py:388 -- Autoscaler has not yet received load metrics. Waiting.
2025-01-01 15:30:04,314	INFO monitor.py:388 -- Autoscaler has not yet received load metrics. Waiting.
2025-01-01 15:30:09,325	INFO monitor.py:388 -- Autoscaler has not yet received load metrics. Waiting.
2025-01-01 15:30:14,335	INFO monitor.py:388 -- Autoscaler has not yet received load metrics. Waiting.
2025-01-01 15:30:19,346	INFO monitor.py:388 -- Autoscaler has not yet received load metrics. Waiting.
2025-01-01 15:30:24,355	INFO monitor.py:388 -- Autoscaler has not yet received load metrics. Waiting.
2025-01-01 15:30:29,366	INFO monitor.py:388 -- Autoscaler has not yet received load metrics. Waiting.
2025-01-01 15:30:34,376	INFO monitor.py:388 -- Autoscaler has not yet received load metrics. Waiting.
2025-01-01 15:30:39,387	INFO monitor.py:388 -- Autoscaler has not yet received load metrics. Waiting.
2025-01-01 15:30:44,398	INFO monitor.py:388 -- Autoscaler has not yet received load metrics. Waiting.
2025-01-01 15:30:49,408	INFO monitor.py:388 -- Autoscaler has not yet received load metrics. Waiting.
2025-01-01 15:30:54,420	INFO monitor.py:388 -- Autoscaler has not yet received load metrics. Waiting.
2025-01-01 15:30:59,430	INFO monitor.py:388 -- Autoscaler has not yet received load metrics. Waiting.
2025-01-01 15:31:04,441	INFO monitor.py:388 -- Autoscaler has not yet received load metrics. Waiting.
2025-01-01 15:31:09,451	INFO monitor.py:388 -- Autoscaler has not yet received load metrics. Waiting.
2025-01-01 15:31:14,462	INFO monitor.py:388 -- Autoscaler has not yet received load metrics. Waiting.
2025-01-01 15:31:19,470	INFO monitor.py:388 -- Autoscaler has not yet received load metrics. Waiting.
2025-01-01 15:31:24,485	INFO monitor.py:388 -- Autoscaler has not yet received load metrics. Waiting.
2025-01-01 15:31:29,495	INFO monitor.py:388 -- Autoscaler has not yet received load metrics. Waiting.
2025-01-01 15:31:34,505	INFO monitor.py:388 -- Autoscaler has not yet received load metrics. Waiting.
2025-01-01 15:31:39,516	INFO monitor.py:388 -- Autoscaler has not yet received load metrics. Waiting.
2025-01-01 15:31:44,527	INFO monitor.py:388 -- Autoscaler has not yet received load metrics. Waiting.
2025-01-01 15:31:49,538	INFO monitor.py:388 -- Autoscaler has not yet received load metrics. Waiting.
2025-01-01 15:31:54,549	INFO monitor.py:388 -- Autoscaler has not yet received load metrics. Waiting.
2025-01-01 15:31:59,559	INFO monitor.py:388 -- Autoscaler has not yet received load metrics. Waiting.
2025-01-01 15:32:04,569	INFO monitor.py:388 -- Autoscaler has not yet received load metrics. Waiting.
2025-01-01 15:32:09,579	INFO monitor.py:388 -- Autoscaler has not yet received load metrics. Waiting.
2025-01-01 15:32:14,589	INFO monitor.py:388 -- Autoscaler has not yet received load metrics. Waiting.
2025-01-01 15:32:19,600	INFO monitor.py:388 -- Autoscaler has not yet received load metrics. Waiting.
2025-01-01 15:32:24,610	INFO monitor.py:388 -- Autoscaler has not yet received load metrics. Waiting.
2025-01-01 15:32:29,620	INFO monitor.py:388 -- Autoscaler has not yet received load metrics. Waiting.
2025-01-01 15:32:34,627	INFO monitor.py:388 -- Autoscaler has not yet received load metrics. Waiting.
2025-01-01 15:32:39,637	INFO monitor.py:388 -- Autoscaler has not yet received load metrics. Waiting.
2025-01-01 15:32:44,647	INFO monitor.py:388 -- Autoscaler has not yet received load metrics. Waiting.
2025-01-01 15:32:49,657	INFO monitor.py:388 -- Autoscaler has not yet received load metrics. Waiting.
2025-01-01 15:32:54,666	INFO monitor.py:388 -- Autoscaler has not yet received load metrics. Waiting.
2025-01-01 15:32:59,676	INFO monitor.py:388 -- Autoscaler has not yet received load metrics. Waiting.
2025-01-01 15:33:04,684	INFO monitor.py:388 -- Autoscaler has not yet received load metrics. Waiting.
2025-01-01 15:33:09,694	INFO monitor.py:388 -- Autoscaler has not yet received load metrics. Waiting.
2025-01-01 15:33:14,704	INFO monitor.py:388 -- Autoscaler has not yet received load metrics. Waiting.
2025-01-01 15:33:19,714	INFO monitor.py:388 -- Autoscaler has not yet received load metrics. Waiting.
2025-01-01 15:33:24,724	INFO monitor.py:388 -- Autoscaler has not yet received load metrics. Waiting.
2025-01-01 15:33:29,734	INFO monitor.py:388 -- Autoscaler has not yet received load metrics. Waiting.
2025-01-01 15:33:34,742	INFO monitor.py:388 -- Autoscaler has not yet received load metrics. Waiting.
2025-01-01 15:33:39,758	INFO monitor.py:388 -- Autoscaler has not yet received load metrics. Waiting.
2025-01-01 15:33:44,768	INFO monitor.py:388 -- Autoscaler has not yet received load metrics. Waiting.
2025-01-01 15:33:49,778	INFO monitor.py:388 -- Autoscaler has not yet received load metrics. Waiting.
2025-01-01 15:33:54,788	INFO monitor.py:388 -- Autoscaler has not yet received load metrics. Waiting.
2025-01-01 15:33:59,799	INFO monitor.py:388 -- Autoscaler has not yet received load metrics. Waiting.
2025-01-01 15:34:04,809	INFO monitor.py:388 -- Autoscaler has not yet received load metrics. Waiting.
2025-01-01 15:34:09,817	INFO monitor.py:388 -- Autoscaler has not yet received load metrics. Waiting.
2025-01-01 15:34:14,832	INFO monitor.py:388 -- Autoscaler has not yet received load metrics. Waiting.
2025-01-01 15:34:19,842	INFO monitor.py:388 -- Autoscaler has not yet received load metrics. Waiting.
2025-01-01 15:34:24,852	INFO monitor.py:388 -- Autoscaler has not yet received load metrics. Waiting.
2025-01-01 15:34:29,864	INFO monitor.py:388 -- Autoscaler has not yet received load metrics. Waiting.
2025-01-01 15:34:34,871	INFO monitor.py:388 -- Autoscaler has not yet received load metrics. Waiting.
2025-01-01 15:34:39,881	INFO monitor.py:388 -- Autoscaler has not yet received load metrics. Waiting.
2025-01-01 15:34:44,891	INFO monitor.py:388 -- Autoscaler has not yet received load metrics. Waiting.
2025-01-01 15:34:49,901	INFO monitor.py:388 -- Autoscaler has not yet received load metrics. Waiting.
2025-01-01 15:34:54,911	INFO monitor.py:388 -- Autoscaler has not yet received load metrics. Waiting.
2025-01-01 15:34:59,921	INFO monitor.py:388 -- Autoscaler has not yet received load metrics. Waiting.
2025-01-01 15:35:04,932	INFO monitor.py:388 -- Autoscaler has not yet received load metrics. Waiting.
2025-01-01 15:35:09,942	INFO monitor.py:388 -- Autoscaler has not yet received load metrics. Waiting.
2025-01-01 15:35:14,953	INFO monitor.py:388 -- Autoscaler has not yet received load metrics. Waiting.
2025-01-01 15:35:19,959	INFO monitor.py:388 -- Autoscaler has not yet received load metrics. Waiting.
2025-01-01 15:35:24,969	INFO monitor.py:388 -- Autoscaler has not yet received load metrics. Waiting.
2025-01-01 15:35:29,979	INFO monitor.py:388 -- Autoscaler has not yet received load metrics. Waiting.
2025-01-01 15:35:34,987	INFO monitor.py:388 -- Autoscaler has not yet received load metrics. Waiting.
2025-01-01 15:35:40,002	INFO monitor.py:388 -- Autoscaler has not yet received load metrics. Waiting.
2025-01-01 15:35:45,012	INFO monitor.py:388 -- Autoscaler has not yet received load metrics. Waiting.
2025-01-01 15:35:50,021	INFO monitor.py:388 -- Autoscaler has not yet received load metrics. Waiting.
2025-01-01 15:35:55,031	INFO monitor.py:388 -- Autoscaler has not yet received load metrics. Waiting.
2025-01-01 15:36:00,041	INFO monitor.py:388 -- Autoscaler has not yet received load metrics. Waiting.
2025-01-01 15:36:05,047	INFO monitor.py:388 -- Autoscaler has not yet received load metrics. Waiting.
2025-01-01 15:36:10,055	INFO monitor.py:388 -- Autoscaler has not yet received load metrics. Waiting.
2025-01-01 15:36:15,063	INFO monitor.py:388 -- Autoscaler has not yet received load metrics. Waiting.
2025-01-01 15:36:20,071	INFO monitor.py:388 -- Autoscaler has not yet received load metrics. Waiting.
2025-01-01 15:36:25,080	INFO monitor.py:388 -- Autoscaler has not yet received load metrics. Waiting.
2025-01-01 15:36:30,088	INFO monitor.py:388 -- Autoscaler has not yet received load metrics. Waiting.
2025-01-01 15:36:35,093	INFO monitor.py:388 -- Autoscaler has not yet received load metrics. Waiting.
2025-01-01 15:36:40,099	INFO monitor.py:388 -- Autoscaler has not yet received load metrics. Waiting.
2025-01-01 15:36:45,123	INFO monitor.py:388 -- Autoscaler has not yet received load metrics. Waiting.
2025-01-01 15:36:50,174	INFO monitor.py:388 -- Autoscaler has not yet received load metrics. Waiting.
2025-01-01 15:36:55,182	INFO monitor.py:388 -- Autoscaler has not yet received load metrics. Waiting.
2025-01-01 15:37:00,190	INFO monitor.py:388 -- Autoscaler has not yet received load metrics. Waiting.
2025-01-01 15:37:05,195	INFO monitor.py:388 -- Autoscaler has not yet received load metrics. Waiting.
2025-01-01 15:37:10,204	INFO monitor.py:388 -- Autoscaler has not yet received load metrics. Waiting.
2025-01-01 15:37:15,215	INFO monitor.py:388 -- Autoscaler has not yet received load metrics. Waiting.
2025-01-01 15:37:20,223	INFO monitor.py:388 -- Autoscaler has not yet received load metrics. Waiting.
2025-01-01 15:37:25,239	INFO monitor.py:388 -- Autoscaler has not yet received load metrics. Waiting.
2025-01-01 15:37:30,249	INFO monitor.py:388 -- Autoscaler has not yet received load metrics. Waiting.
2025-01-01 15:37:35,258	INFO monitor.py:388 -- Autoscaler has not yet received load metrics. Waiting.
2025-01-01 15:37:40,268	INFO monitor.py:388 -- Autoscaler has not yet received load metrics. Waiting.
2025-01-01 15:37:45,271	INFO monitor.py:388 -- Autoscaler has not yet received load metrics. Waiting.
2025-01-01 15:37:50,282	INFO monitor.py:388 -- Autoscaler has not yet received load metrics. Waiting.
2025-01-01 15:37:55,287	INFO monitor.py:388 -- Autoscaler has not yet received load metrics. Waiting.
2025-01-01 15:38:00,298	INFO monitor.py:388 -- Autoscaler has not yet received load metrics. Waiting.
2025-01-01 15:38:05,306	INFO monitor.py:388 -- Autoscaler has not yet received load metrics. Waiting.
2025-01-01 15:38:10,317	INFO monitor.py:388 -- Autoscaler has not yet received load metrics. Waiting.
2025-01-01 15:38:15,326	INFO monitor.py:388 -- Autoscaler has not yet received load metrics. Waiting.
2025-01-01 15:38:20,337	INFO monitor.py:388 -- Autoscaler has not yet received load metrics. Waiting.
2025-01-01 15:38:25,346	INFO monitor.py:388 -- Autoscaler has not yet received load metrics. Waiting.
2025-01-01 15:38:30,355	INFO monitor.py:388 -- Autoscaler has not yet received load metrics. Waiting.
2025-01-01 15:38:35,360	INFO monitor.py:388 -- Autoscaler has not yet received load metrics. Waiting.
2025-01-01 15:38:40,371	INFO monitor.py:388 -- Autoscaler has not yet received load metrics. Waiting.
2025-01-01 15:38:45,378	INFO monitor.py:388 -- Autoscaler has not yet received load metrics. Waiting.
2025-01-01 15:38:50,389	INFO monitor.py:388 -- Autoscaler has not yet received load metrics. Waiting.
2025-01-01 15:38:55,396	INFO monitor.py:388 -- Autoscaler has not yet received load metrics. Waiting.
2025-01-01 15:39:00,407	INFO monitor.py:388 -- Autoscaler has not yet received load metrics. Waiting.
2025-01-01 15:39:05,412	INFO monitor.py:388 -- Autoscaler has not yet received load metrics. Waiting.
2025-01-01 15:39:10,423	INFO monitor.py:388 -- Autoscaler has not yet received load metrics. Waiting.
2025-01-01 15:39:15,431	INFO monitor.py:388 -- Autoscaler has not yet received load metrics. Waiting.
2025-01-01 15:39:20,441	INFO monitor.py:388 -- Autoscaler has not yet received load metrics. Waiting.
2025-01-01 15:39:25,450	INFO monitor.py:388 -- Autoscaler has not yet received load metrics. Waiting.
2025-01-01 15:39:30,461	INFO monitor.py:388 -- Autoscaler has not yet received load metrics. Waiting.
2025-01-01 15:39:35,467	INFO monitor.py:388 -- Autoscaler has not yet received load metrics. Waiting.
2025-01-01 15:39:40,477	INFO monitor.py:388 -- Autoscaler has not yet received load metrics. Waiting.
2025-01-01 15:39:45,487	INFO monitor.py:388 -- Autoscaler has not yet received load metrics. Waiting.
2025-01-01 15:39:50,495	INFO monitor.py:388 -- Autoscaler has not yet received load metrics. Waiting.
2025-01-01 15:39:55,497	INFO monitor.py:388 -- Autoscaler has not yet received load metrics. Waiting.
2025-01-01 15:40:00,503	INFO monitor.py:388 -- Autoscaler has not yet received load metrics. Waiting.
2025-01-01 15:40:05,513	INFO monitor.py:388 -- Autoscaler has not yet received load metrics. Waiting.
2025-01-01 15:40:10,521	INFO monitor.py:388 -- Autoscaler has not yet received load metrics. Waiting.
2025-01-01 15:40:15,531	INFO monitor.py:388 -- Autoscaler has not yet received load metrics. Waiting.
2025-01-01 15:40:20,541	INFO monitor.py:388 -- Autoscaler has not yet received load metrics. Waiting.
2025-01-01 15:40:25,553	INFO monitor.py:388 -- Autoscaler has not yet received load metrics. Waiting.
2025-01-01 15:40:30,562	INFO monitor.py:388 -- Autoscaler has not yet received load metrics. Waiting.
2025-01-01 15:40:35,571	INFO monitor.py:388 -- Autoscaler has not yet received load metrics. Waiting.
2025-01-01 15:40:40,581	INFO monitor.py:388 -- Autoscaler has not yet received load metrics. Waiting.
2025-01-01 15:40:45,587	INFO monitor.py:388 -- Autoscaler has not yet received load metrics. Waiting.
2025-01-01 15:40:50,598	INFO monitor.py:388 -- Autoscaler has not yet received load metrics. Waiting.
2025-01-01 15:40:55,607	INFO monitor.py:388 -- Autoscaler has not yet received load metrics. Waiting.
2025-01-01 15:41:00,614	INFO monitor.py:388 -- Autoscaler has not yet received load metrics. Waiting.
2025-01-01 15:41:05,630	INFO monitor.py:388 -- Autoscaler has not yet received load metrics. Waiting.
2025-01-01 15:41:10,639	INFO monitor.py:388 -- Autoscaler has not yet received load metrics. Waiting.
2025-01-01 15:41:15,650	INFO monitor.py:388 -- Autoscaler has not yet received load metrics. Waiting.
2025-01-01 15:41:20,662	INFO monitor.py:388 -- Autoscaler has not yet received load metrics. Waiting.
2025-01-01 15:41:25,671	INFO monitor.py:388 -- Autoscaler has not yet received load metrics. Waiting.
2025-01-01 15:41:30,678	INFO monitor.py:388 -- Autoscaler has not yet received load metrics. Waiting.
2025-01-01 15:41:35,684	INFO monitor.py:388 -- Autoscaler has not yet received load metrics. Waiting.
2025-01-01 15:41:40,694	INFO monitor.py:388 -- Autoscaler has not yet received load metrics. Waiting.
2025-01-01 15:41:45,703	INFO monitor.py:388 -- Autoscaler has not yet received load metrics. Waiting.
2025-01-01 15:41:50,713	INFO monitor.py:388 -- Autoscaler has not yet received load metrics. Waiting.
2025-01-01 15:41:55,724	INFO monitor.py:388 -- Autoscaler has not yet received load metrics. Waiting.
2025-01-01 15:42:00,734	INFO monitor.py:388 -- Autoscaler has not yet received load metrics. Waiting.
2025-01-01 15:42:05,743	INFO monitor.py:388 -- Autoscaler has not yet received load metrics. Waiting.
2025-01-01 15:42:10,755	INFO monitor.py:388 -- Autoscaler has not yet received load metrics. Waiting.
2025-01-01 15:42:15,765	INFO monitor.py:388 -- Autoscaler has not yet received load metrics. Waiting.
2025-01-01 15:42:20,779	INFO monitor.py:388 -- Autoscaler has not yet received load metrics. Waiting.
2025-01-01 15:42:25,789	INFO monitor.py:388 -- Autoscaler has not yet received load metrics. Waiting.
2025-01-01 15:42:30,801	INFO monitor.py:388 -- Autoscaler has not yet received load metrics. Waiting.
2025-01-01 15:42:35,807	INFO monitor.py:388 -- Autoscaler has not yet received load metrics. Waiting.
2025-01-01 15:42:40,818	INFO monitor.py:388 -- Autoscaler has not yet received load metrics. Waiting.
2025-01-01 15:42:45,828	INFO monitor.py:388 -- Autoscaler has not yet received load metrics. Waiting.
2025-01-01 15:42:50,839	INFO monitor.py:388 -- Autoscaler has not yet received load metrics. Waiting.
2025-01-01 15:42:55,850	INFO monitor.py:388 -- Autoscaler has not yet received load metrics. Waiting.
2025-01-01 15:43:00,861	INFO monitor.py:388 -- Autoscaler has not yet received load metrics. Waiting.
2025-01-01 15:43:05,870	INFO monitor.py:388 -- Autoscaler has not yet received load metrics. Waiting.
2025-01-01 15:43:10,880	INFO monitor.py:388 -- Autoscaler has not yet received load metrics. Waiting.
2025-01-01 15:43:15,891	INFO monitor.py:388 -- Autoscaler has not yet received load metrics. Waiting.
2025-01-01 15:43:20,899	INFO monitor.py:388 -- Autoscaler has not yet received load metrics. Waiting.
2025-01-01 15:43:25,907	INFO monitor.py:388 -- Autoscaler has not yet received load metrics. Waiting.
2025-01-01 15:43:30,918	INFO monitor.py:388 -- Autoscaler has not yet received load metrics. Waiting.
2025-01-01 15:43:35,927	INFO monitor.py:388 -- Autoscaler has not yet received load metrics. Waiting.
2025-01-01 15:43:40,937	INFO monitor.py:388 -- Autoscaler has not yet received load metrics. Waiting.
2025-01-01 15:43:45,945	INFO monitor.py:388 -- Autoscaler has not yet received load metrics. Waiting.
2025-01-01 15:43:50,951	INFO monitor.py:388 -- Autoscaler has not yet received load metrics. Waiting.
2025-01-01 15:43:55,959	INFO monitor.py:388 -- Autoscaler has not yet received load metrics. Waiting.
2025-01-01 15:44:00,967	INFO monitor.py:388 -- Autoscaler has not yet received load metrics. Waiting.
2025-01-01 15:44:05,972	INFO monitor.py:388 -- Autoscaler has not yet received load metrics. Waiting.
2025-01-01 15:44:10,982	INFO monitor.py:388 -- Autoscaler has not yet received load metrics. Waiting.
2025-01-01 15:44:15,991	INFO monitor.py:388 -- Autoscaler has not yet received load metrics. Waiting.
2025-01-01 15:44:21,001	INFO monitor.py:388 -- Autoscaler has not yet received load metrics. Waiting.
2025-01-01 15:44:26,007	INFO monitor.py:388 -- Autoscaler has not yet received load metrics. Waiting.
2025-01-01 15:44:31,017	INFO monitor.py:388 -- Autoscaler has not yet received load metrics. Waiting.
2025-01-01 15:44:36,023	INFO monitor.py:388 -- Autoscaler has not yet received load metrics. Waiting.
2025-01-01 15:44:41,027	INFO monitor.py:388 -- Autoscaler has not yet received load metrics. Waiting.
2025-01-01 15:44:46,036	INFO monitor.py:388 -- Autoscaler has not yet received load metrics. Waiting.
2025-01-01 15:44:51,043	INFO monitor.py:388 -- Autoscaler has not yet received load metrics. Waiting.
2025-01-01 15:44:56,052	INFO monitor.py:388 -- Autoscaler has not yet received load metrics. Waiting.
2025-01-01 15:45:01,060	INFO monitor.py:388 -- Autoscaler has not yet received load metrics. Waiting.
2025-01-01 15:45:06,069	INFO monitor.py:388 -- Autoscaler has not yet received load metrics. Waiting.
2025-01-01 15:45:11,079	INFO monitor.py:388 -- Autoscaler has not yet received load metrics. Waiting.
2025-01-01 15:45:16,083	INFO monitor.py:388 -- Autoscaler has not yet received load metrics. Waiting.
2025-01-01 15:45:21,112	INFO monitor.py:388 -- Autoscaler has not yet received load metrics. Waiting.
2025-01-01 15:45:26,120	INFO monitor.py:388 -- Autoscaler has not yet received load metrics. Waiting.
2025-01-01 15:45:31,131	INFO monitor.py:388 -- Autoscaler has not yet received load metrics. Waiting.
2025-01-01 15:45:36,137	INFO monitor.py:388 -- Autoscaler has not yet received load metrics. Waiting.
2025-01-01 15:45:41,143	INFO monitor.py:388 -- Autoscaler has not yet received load metrics. Waiting.
2025-01-01 15:45:46,148	INFO monitor.py:388 -- Autoscaler has not yet received load metrics. Waiting.
2025-01-01 15:45:51,159	INFO monitor.py:388 -- Autoscaler has not yet received load metrics. Waiting.
2025-01-01 15:45:56,167	INFO monitor.py:388 -- Autoscaler has not yet received load metrics. Waiting.
2025-01-01 15:46:01,175	INFO monitor.py:388 -- Autoscaler has not yet received load metrics. Waiting.
2025-01-01 15:46:06,184	INFO monitor.py:388 -- Autoscaler has not yet received load metrics. Waiting.
2025-01-01 15:46:11,195	INFO monitor.py:388 -- Autoscaler has not yet received load metrics. Waiting.
2025-01-01 15:46:16,204	INFO monitor.py:388 -- Autoscaler has not yet received load metrics. Waiting.
2025-01-01 15:46:21,215	INFO monitor.py:388 -- Autoscaler has not yet received load metrics. Waiting.
2025-01-01 15:46:26,223	INFO monitor.py:388 -- Autoscaler has not yet received load metrics. Waiting.
2025-01-01 15:46:31,235	INFO monitor.py:388 -- Autoscaler has not yet received load metrics. Waiting.
2025-01-01 15:46:36,243	INFO monitor.py:388 -- Autoscaler has not yet received load metrics. Waiting.
2025-01-01 15:46:41,253	INFO monitor.py:388 -- Autoscaler has not yet received load metrics. Waiting.
2025-01-01 15:46:46,262	INFO monitor.py:388 -- Autoscaler has not yet received load metrics. Waiting.
2025-01-01 15:46:51,276	INFO monitor.py:388 -- Autoscaler has not yet received load metrics. Waiting.
2025-01-01 15:46:56,285	INFO monitor.py:388 -- Autoscaler has not yet received load metrics. Waiting.
2025-01-01 15:47:01,295	INFO monitor.py:388 -- Autoscaler has not yet received load metrics. Waiting.
2025-01-01 15:47:06,305	INFO monitor.py:388 -- Autoscaler has not yet received load metrics. Waiting.
2025-01-01 15:47:11,316	INFO monitor.py:388 -- Autoscaler has not yet received load metrics. Waiting.
2025-01-01 15:47:16,324	INFO monitor.py:388 -- Autoscaler has not yet received load metrics. Waiting.
2025-01-01 15:47:21,335	INFO monitor.py:388 -- Autoscaler has not yet received load metrics. Waiting.
2025-01-01 15:47:26,341	INFO monitor.py:388 -- Autoscaler has not yet received load metrics. Waiting.
2025-01-01 15:47:31,351	INFO monitor.py:388 -- Autoscaler has not yet received load metrics. Waiting.
2025-01-01 15:47:36,360	INFO monitor.py:388 -- Autoscaler has not yet received load metrics. Waiting.
2025-01-01 15:47:41,370	INFO monitor.py:388 -- Autoscaler has not yet received load metrics. Waiting.
2025-01-01 15:47:46,378	INFO monitor.py:388 -- Autoscaler has not yet received load metrics. Waiting.
2025-01-01 15:47:51,389	INFO monitor.py:388 -- Autoscaler has not yet received load metrics. Waiting.
2025-01-01 15:47:56,398	INFO monitor.py:388 -- Autoscaler has not yet received load metrics. Waiting.
2025-01-01 15:48:01,408	INFO monitor.py:388 -- Autoscaler has not yet received load metrics. Waiting.
2025-01-01 15:48:06,417	INFO monitor.py:388 -- Autoscaler has not yet received load metrics. Waiting.
2025-01-01 15:48:11,427	INFO monitor.py:388 -- Autoscaler has not yet received load metrics. Waiting.
2025-01-01 15:48:16,435	INFO monitor.py:388 -- Autoscaler has not yet received load metrics. Waiting.
2025-01-01 15:48:21,446	INFO monitor.py:388 -- Autoscaler has not yet received load metrics. Waiting.
2025-01-01 15:48:26,451	INFO monitor.py:388 -- Autoscaler has not yet received load metrics. Waiting.
2025-01-01 15:48:31,462	INFO monitor.py:388 -- Autoscaler has not yet received load metrics. Waiting.
2025-01-01 15:48:36,470	INFO monitor.py:388 -- Autoscaler has not yet received load metrics. Waiting.
2025-01-01 15:48:41,480	INFO monitor.py:388 -- Autoscaler has not yet received load metrics. Waiting.
2025-01-01 15:48:46,486	INFO monitor.py:388 -- Autoscaler has not yet received load metrics. Waiting.
2025-01-01 15:48:51,497	INFO monitor.py:388 -- Autoscaler has not yet received load metrics. Waiting.
2025-01-01 15:48:56,505	INFO monitor.py:388 -- Autoscaler has not yet received load metrics. Waiting.
2025-01-01 15:49:01,515	INFO monitor.py:388 -- Autoscaler has not yet received load metrics. Waiting.
2025-01-01 15:49:06,524	INFO monitor.py:388 -- Autoscaler has not yet received load metrics. Waiting.
2025-01-01 15:49:11,530	INFO monitor.py:388 -- Autoscaler has not yet received load metrics. Waiting.
2025-01-01 15:49:16,550	INFO monitor.py:388 -- Autoscaler has not yet received load metrics. Waiting.
2025-01-01 15:49:21,561	INFO monitor.py:388 -- Autoscaler has not yet received load metrics. Waiting.
2025-01-01 15:49:26,569	INFO monitor.py:388 -- Autoscaler has not yet received load metrics. Waiting.
2025-01-01 15:49:31,579	INFO monitor.py:388 -- Autoscaler has not yet received load metrics. Waiting.
2025-01-01 15:49:36,587	INFO monitor.py:388 -- Autoscaler has not yet received load metrics. Waiting.
2025-01-01 15:49:41,600	INFO monitor.py:388 -- Autoscaler has not yet received load metrics. Waiting.
2025-01-01 15:49:46,609	INFO monitor.py:388 -- Autoscaler has not yet received load metrics. Waiting.
2025-01-01 15:49:51,621	INFO monitor.py:388 -- Autoscaler has not yet received load metrics. Waiting.
2025-01-01 15:49:56,630	INFO monitor.py:388 -- Autoscaler has not yet received load metrics. Waiting.
2025-01-01 15:50:01,641	INFO monitor.py:388 -- Autoscaler has not yet received load metrics. Waiting.
2025-01-01 15:50:06,649	INFO monitor.py:388 -- Autoscaler has not yet received load metrics. Waiting.
2025-01-01 15:50:11,661	INFO monitor.py:388 -- Autoscaler has not yet received load metrics. Waiting.
2025-01-01 15:50:16,669	INFO monitor.py:388 -- Autoscaler has not yet received load metrics. Waiting.
2025-01-01 15:50:21,680	INFO monitor.py:388 -- Autoscaler has not yet received load metrics. Waiting.
2025-01-01 15:50:26,688	INFO monitor.py:388 -- Autoscaler has not yet received load metrics. Waiting.
2025-01-01 15:50:31,698	INFO monitor.py:388 -- Autoscaler has not yet received load metrics. Waiting.
2025-01-01 15:50:36,706	INFO monitor.py:388 -- Autoscaler has not yet received load metrics. Waiting.
2025-01-01 15:50:41,716	INFO monitor.py:388 -- Autoscaler has not yet received load metrics. Waiting.
2025-01-01 15:50:46,724	INFO monitor.py:388 -- Autoscaler has not yet received load metrics. Waiting.
2025-01-01 15:50:51,736	INFO monitor.py:388 -- Autoscaler has not yet received load metrics. Waiting.
2025-01-01 15:50:56,744	INFO monitor.py:388 -- Autoscaler has not yet received load metrics. Waiting.
