2025-01-01 14:35:42,023	INFO monitor.py:651 -- Starting monitor using ray installation: /home/jh146/ptl_rdf/QFL-MLNCP-NeurIPS/fedqnn-3/lib/python3.10/site-packages/ray/__init__.py
2025-01-01 14:35:42,026	INFO monitor.py:652 -- Ray version: 2.3.0
2025-01-01 14:35:42,027	INFO monitor.py:653 -- Ray commit: cf7a56b4b0b648c324722df7c99c168e92ff0b45
2025-01-01 14:35:42,030	INFO monitor.py:654 -- Monitor started with command: ['/home/jh146/ptl_rdf/QFL-MLNCP-NeurIPS/fedqnn-3/lib/python3.10/site-packages/ray/autoscaler/_private/monitor.py', '--logs-dir=./tmpdir/session_2025-01-01_14-35-37_814617_37883/logs', '--logging-rotate-bytes=536870912', '--logging-rotate-backup-count=5', '--gcs-address=10.134.196.4:52289', '--monitor-ip=10.134.196.4']
2025-01-01 14:35:42,039	INFO monitor.py:167 -- session_name: session_2025-01-01_14-35-37_814617_37883
2025-01-01 14:35:42,054	WARNING monitor.py:214 -- `prometheus_client` not found, so metrics will not be exported.
2025-01-01 14:35:42,055	INFO monitor.py:218 -- Monitor: Started
2025-01-01 14:35:42,093	INFO autoscaler.py:276 -- disable_node_updaters:False
2025-01-01 14:35:42,094	INFO autoscaler.py:284 -- disable_launch_config_check:False
2025-01-01 14:35:42,095	INFO autoscaler.py:296 -- foreground_node_launch:False
2025-01-01 14:35:42,097	INFO autoscaler.py:306 -- worker_liveness_check:True
2025-01-01 14:35:42,098	INFO autoscaler.py:314 -- worker_rpc_drain:True
2025-01-01 14:35:42,100	INFO autoscaler.py:364 -- StandardAutoscaler: {'cluster_name': 'default', 'max_workers': 0, 'upscaling_speed': 1.0, 'docker': {}, 'idle_timeout_minutes': 0, 'provider': {'type': 'readonly', 'use_node_id_as_ip': True}, 'auth': {}, 'available_node_types': {'ray.head.default': {'resources': {}, 'node_config': {}, 'max_workers': 0}}, 'head_node_type': 'ray.head.default', 'file_mounts': {}, 'cluster_synced_files': [], 'file_mounts_sync_continuously': False, 'rsync_exclude': [], 'rsync_filter': [], 'initialization_commands': [], 'setup_commands': [], 'head_setup_commands': [], 'worker_setup_commands': [], 'head_start_ray_commands': [], 'worker_start_ray_commands': [], 'head_node': {}, 'worker_nodes': {}}
2025-01-01 14:35:42,103	INFO monitor.py:388 -- Autoscaler has not yet received load metrics. Waiting.
2025-01-01 14:35:47,112	INFO monitor.py:388 -- Autoscaler has not yet received load metrics. Waiting.
2025-01-01 14:35:52,124	INFO monitor.py:388 -- Autoscaler has not yet received load metrics. Waiting.
2025-01-01 14:35:57,133	INFO monitor.py:388 -- Autoscaler has not yet received load metrics. Waiting.
2025-01-01 14:36:02,143	INFO monitor.py:388 -- Autoscaler has not yet received load metrics. Waiting.
2025-01-01 14:36:07,148	INFO monitor.py:388 -- Autoscaler has not yet received load metrics. Waiting.
2025-01-01 14:36:12,157	INFO monitor.py:388 -- Autoscaler has not yet received load metrics. Waiting.
2025-01-01 14:36:17,163	INFO monitor.py:388 -- Autoscaler has not yet received load metrics. Waiting.
2025-01-01 14:36:22,173	INFO monitor.py:388 -- Autoscaler has not yet received load metrics. Waiting.
2025-01-01 14:36:27,183	INFO monitor.py:388 -- Autoscaler has not yet received load metrics. Waiting.
2025-01-01 14:36:32,193	INFO monitor.py:388 -- Autoscaler has not yet received load metrics. Waiting.
2025-01-01 14:36:37,203	INFO monitor.py:388 -- Autoscaler has not yet received load metrics. Waiting.
2025-01-01 14:36:42,213	INFO monitor.py:388 -- Autoscaler has not yet received load metrics. Waiting.
2025-01-01 14:36:47,224	INFO monitor.py:388 -- Autoscaler has not yet received load metrics. Waiting.
2025-01-01 14:36:52,233	INFO monitor.py:388 -- Autoscaler has not yet received load metrics. Waiting.
2025-01-01 14:36:57,241	INFO monitor.py:388 -- Autoscaler has not yet received load metrics. Waiting.
2025-01-01 14:37:02,248	INFO monitor.py:388 -- Autoscaler has not yet received load metrics. Waiting.
2025-01-01 14:37:07,257	INFO monitor.py:388 -- Autoscaler has not yet received load metrics. Waiting.
2025-01-01 14:37:12,266	INFO monitor.py:388 -- Autoscaler has not yet received load metrics. Waiting.
2025-01-01 14:37:17,275	INFO monitor.py:388 -- Autoscaler has not yet received load metrics. Waiting.
2025-01-01 14:37:22,284	INFO monitor.py:388 -- Autoscaler has not yet received load metrics. Waiting.
2025-01-01 14:37:27,297	INFO monitor.py:388 -- Autoscaler has not yet received load metrics. Waiting.
2025-01-01 14:37:32,304	INFO monitor.py:388 -- Autoscaler has not yet received load metrics. Waiting.
2025-01-01 14:37:37,313	INFO monitor.py:388 -- Autoscaler has not yet received load metrics. Waiting.
2025-01-01 14:37:42,317	INFO monitor.py:388 -- Autoscaler has not yet received load metrics. Waiting.
2025-01-01 14:37:47,327	INFO monitor.py:388 -- Autoscaler has not yet received load metrics. Waiting.
2025-01-01 14:37:52,332	INFO monitor.py:388 -- Autoscaler has not yet received load metrics. Waiting.
2025-01-01 14:37:57,342	INFO monitor.py:388 -- Autoscaler has not yet received load metrics. Waiting.
2025-01-01 14:38:02,352	INFO monitor.py:388 -- Autoscaler has not yet received load metrics. Waiting.
2025-01-01 14:38:07,357	INFO monitor.py:388 -- Autoscaler has not yet received load metrics. Waiting.
2025-01-01 14:38:12,363	INFO monitor.py:388 -- Autoscaler has not yet received load metrics. Waiting.
2025-01-01 14:38:17,372	INFO monitor.py:388 -- Autoscaler has not yet received load metrics. Waiting.
2025-01-01 14:38:22,385	INFO monitor.py:388 -- Autoscaler has not yet received load metrics. Waiting.
2025-01-01 14:38:27,394	INFO monitor.py:388 -- Autoscaler has not yet received load metrics. Waiting.
2025-01-01 14:38:32,403	INFO monitor.py:388 -- Autoscaler has not yet received load metrics. Waiting.
2025-01-01 14:38:37,411	INFO monitor.py:388 -- Autoscaler has not yet received load metrics. Waiting.
2025-01-01 14:38:42,418	INFO monitor.py:388 -- Autoscaler has not yet received load metrics. Waiting.
2025-01-01 14:38:47,422	INFO monitor.py:388 -- Autoscaler has not yet received load metrics. Waiting.
2025-01-01 14:38:52,433	INFO monitor.py:388 -- Autoscaler has not yet received load metrics. Waiting.
2025-01-01 14:38:57,439	INFO monitor.py:388 -- Autoscaler has not yet received load metrics. Waiting.
2025-01-01 14:39:02,447	INFO monitor.py:388 -- Autoscaler has not yet received load metrics. Waiting.
2025-01-01 14:39:07,455	INFO monitor.py:388 -- Autoscaler has not yet received load metrics. Waiting.
2025-01-01 14:39:12,464	INFO monitor.py:388 -- Autoscaler has not yet received load metrics. Waiting.
2025-01-01 14:39:17,473	INFO monitor.py:388 -- Autoscaler has not yet received load metrics. Waiting.
2025-01-01 14:39:22,485	INFO monitor.py:388 -- Autoscaler has not yet received load metrics. Waiting.
2025-01-01 14:39:27,494	INFO monitor.py:388 -- Autoscaler has not yet received load metrics. Waiting.
2025-01-01 14:39:32,510	INFO monitor.py:388 -- Autoscaler has not yet received load metrics. Waiting.
2025-01-01 14:39:37,520	INFO monitor.py:388 -- Autoscaler has not yet received load metrics. Waiting.
2025-01-01 14:39:42,530	INFO monitor.py:388 -- Autoscaler has not yet received load metrics. Waiting.
2025-01-01 14:39:47,540	INFO monitor.py:388 -- Autoscaler has not yet received load metrics. Waiting.
2025-01-01 14:39:52,550	INFO monitor.py:388 -- Autoscaler has not yet received load metrics. Waiting.
2025-01-01 14:39:57,556	INFO monitor.py:388 -- Autoscaler has not yet received load metrics. Waiting.
2025-01-01 14:40:02,565	INFO monitor.py:388 -- Autoscaler has not yet received load metrics. Waiting.
2025-01-01 14:40:07,574	INFO monitor.py:388 -- Autoscaler has not yet received load metrics. Waiting.
2025-01-01 14:40:12,581	INFO monitor.py:388 -- Autoscaler has not yet received load metrics. Waiting.
2025-01-01 14:40:17,587	INFO monitor.py:388 -- Autoscaler has not yet received load metrics. Waiting.
2025-01-01 14:40:22,595	INFO monitor.py:388 -- Autoscaler has not yet received load metrics. Waiting.
2025-01-01 14:40:27,603	INFO monitor.py:388 -- Autoscaler has not yet received load metrics. Waiting.
2025-01-01 14:40:32,613	INFO monitor.py:388 -- Autoscaler has not yet received load metrics. Waiting.
2025-01-01 14:40:37,619	INFO monitor.py:388 -- Autoscaler has not yet received load metrics. Waiting.
2025-01-01 14:40:42,628	INFO monitor.py:388 -- Autoscaler has not yet received load metrics. Waiting.
2025-01-01 14:40:47,636	INFO monitor.py:388 -- Autoscaler has not yet received load metrics. Waiting.
2025-01-01 14:40:52,643	INFO monitor.py:388 -- Autoscaler has not yet received load metrics. Waiting.
2025-01-01 14:40:57,652	INFO monitor.py:388 -- Autoscaler has not yet received load metrics. Waiting.
2025-01-01 14:41:02,660	INFO monitor.py:388 -- Autoscaler has not yet received load metrics. Waiting.
2025-01-01 14:41:07,667	INFO monitor.py:388 -- Autoscaler has not yet received load metrics. Waiting.
2025-01-01 14:41:12,671	INFO monitor.py:388 -- Autoscaler has not yet received load metrics. Waiting.
2025-01-01 14:41:17,676	INFO monitor.py:388 -- Autoscaler has not yet received load metrics. Waiting.
2025-01-01 14:41:22,681	INFO monitor.py:388 -- Autoscaler has not yet received load metrics. Waiting.
2025-01-01 14:41:27,691	INFO monitor.py:388 -- Autoscaler has not yet received load metrics. Waiting.
2025-01-01 14:41:32,702	INFO monitor.py:388 -- Autoscaler has not yet received load metrics. Waiting.
2025-01-01 14:41:37,711	INFO monitor.py:388 -- Autoscaler has not yet received load metrics. Waiting.
2025-01-01 14:41:42,715	INFO monitor.py:388 -- Autoscaler has not yet received load metrics. Waiting.
2025-01-01 14:41:47,723	INFO monitor.py:388 -- Autoscaler has not yet received load metrics. Waiting.
2025-01-01 14:41:52,733	INFO monitor.py:388 -- Autoscaler has not yet received load metrics. Waiting.
2025-01-01 14:41:57,743	INFO monitor.py:388 -- Autoscaler has not yet received load metrics. Waiting.
2025-01-01 14:42:02,753	INFO monitor.py:388 -- Autoscaler has not yet received load metrics. Waiting.
2025-01-01 14:42:07,817	INFO monitor.py:388 -- Autoscaler has not yet received load metrics. Waiting.
2025-01-01 14:42:12,846	INFO monitor.py:388 -- Autoscaler has not yet received load metrics. Waiting.
2025-01-01 14:42:17,854	INFO monitor.py:388 -- Autoscaler has not yet received load metrics. Waiting.
2025-01-01 14:42:22,865	INFO monitor.py:388 -- Autoscaler has not yet received load metrics. Waiting.
2025-01-01 14:42:27,876	INFO monitor.py:388 -- Autoscaler has not yet received load metrics. Waiting.
2025-01-01 14:42:32,887	INFO monitor.py:388 -- Autoscaler has not yet received load metrics. Waiting.
2025-01-01 14:42:37,898	INFO monitor.py:388 -- Autoscaler has not yet received load metrics. Waiting.
2025-01-01 14:42:42,909	INFO monitor.py:388 -- Autoscaler has not yet received load metrics. Waiting.
2025-01-01 14:42:47,921	INFO monitor.py:388 -- Autoscaler has not yet received load metrics. Waiting.
2025-01-01 14:42:52,927	INFO monitor.py:388 -- Autoscaler has not yet received load metrics. Waiting.
2025-01-01 14:42:57,938	INFO monitor.py:388 -- Autoscaler has not yet received load metrics. Waiting.
2025-01-01 14:43:02,950	INFO monitor.py:388 -- Autoscaler has not yet received load metrics. Waiting.
2025-01-01 14:43:07,961	INFO monitor.py:388 -- Autoscaler has not yet received load metrics. Waiting.
2025-01-01 14:43:12,970	INFO monitor.py:388 -- Autoscaler has not yet received load metrics. Waiting.
2025-01-01 14:43:17,979	INFO monitor.py:388 -- Autoscaler has not yet received load metrics. Waiting.
2025-01-01 14:43:22,988	INFO monitor.py:388 -- Autoscaler has not yet received load metrics. Waiting.
2025-01-01 14:43:27,999	INFO monitor.py:388 -- Autoscaler has not yet received load metrics. Waiting.
2025-01-01 14:43:33,005	INFO monitor.py:388 -- Autoscaler has not yet received load metrics. Waiting.
2025-01-01 14:43:38,019	INFO monitor.py:388 -- Autoscaler has not yet received load metrics. Waiting.
2025-01-01 14:43:43,027	INFO monitor.py:388 -- Autoscaler has not yet received load metrics. Waiting.
2025-01-01 14:43:48,035	INFO monitor.py:388 -- Autoscaler has not yet received load metrics. Waiting.
2025-01-01 14:43:53,043	INFO monitor.py:388 -- Autoscaler has not yet received load metrics. Waiting.
2025-01-01 14:43:58,048	INFO monitor.py:388 -- Autoscaler has not yet received load metrics. Waiting.
2025-01-01 14:44:03,058	INFO monitor.py:388 -- Autoscaler has not yet received load metrics. Waiting.
2025-01-01 14:44:08,066	INFO monitor.py:388 -- Autoscaler has not yet received load metrics. Waiting.
2025-01-01 14:44:10,971	ERROR monitor.py:503 -- Error in monitor loop
NoneType: None
2025-01-01 14:44:11,099	ERROR monitor.py:535 -- Monitor: Failure in signal handler.
Traceback (most recent call last):
  File "/home/jh146/ptl_rdf/QFL-MLNCP-NeurIPS/fedqnn-3/lib/python3.10/site-packages/ray/autoscaler/_private/monitor.py", line 530, in _signal_handler
    self._handle_failure(
  File "/home/jh146/ptl_rdf/QFL-MLNCP-NeurIPS/fedqnn-3/lib/python3.10/site-packages/ray/autoscaler/_private/monitor.py", line 516, in _handle_failure
    _internal_kv_put(
  File "/home/jh146/ptl_rdf/QFL-MLNCP-NeurIPS/fedqnn-3/lib/python3.10/site-packages/ray/_private/client_mode_hook.py", line 105, in wrapper
    return func(*args, **kwargs)
  File "/home/jh146/ptl_rdf/QFL-MLNCP-NeurIPS/fedqnn-3/lib/python3.10/site-packages/ray/experimental/internal_kv.py", line 94, in _internal_kv_put
    return global_gcs_client.internal_kv_put(key, value, overwrite, namespace) == 0
  File "/home/jh146/ptl_rdf/QFL-MLNCP-NeurIPS/fedqnn-3/lib/python3.10/site-packages/ray/_private/gcs_utils.py", line 198, in wrapper
    return f(self, *args, **kwargs)
  File "/home/jh146/ptl_rdf/QFL-MLNCP-NeurIPS/fedqnn-3/lib/python3.10/site-packages/ray/_private/gcs_utils.py", line 317, in internal_kv_put
    reply = self._kv_stub.InternalKVPut(req, timeout=timeout)
  File "/home/jh146/ptl_rdf/QFL-MLNCP-NeurIPS/fedqnn-3/lib/python3.10/site-packages/grpc/_channel.py", line 1181, in __call__
    return _end_unary_response_blocking(state, call, False, None)
  File "/home/jh146/ptl_rdf/QFL-MLNCP-NeurIPS/fedqnn-3/lib/python3.10/site-packages/grpc/_channel.py", line 1006, in _end_unary_response_blocking
    raise _InactiveRpcError(state)  # pytype: disable=not-instantiable
grpc._channel._InactiveRpcError: <_InactiveRpcError of RPC that terminated with:
	status = StatusCode.CANCELLED
	details = "CANCELLED"
	debug_error_string = "UNKNOWN:Error received from peer  {grpc_message:"CANCELLED", grpc_status:1, created_time:"2025-01-01T14:44:11.098920013-06:00"}"
>
