2025-01-01 14:16:46,700	INFO monitor.py:651 -- Starting monitor using ray installation: /home/jh146/ptl_rdf/QFL-MLNCP-NeurIPS/fedqnn-3/lib/python3.10/site-packages/ray/__init__.py
2025-01-01 14:16:46,701	INFO monitor.py:652 -- Ray version: 2.3.0
2025-01-01 14:16:46,702	INFO monitor.py:653 -- Ray commit: cf7a56b4b0b648c324722df7c99c168e92ff0b45
2025-01-01 14:16:46,709	INFO monitor.py:654 -- Monitor started with command: ['/home/jh146/ptl_rdf/QFL-MLNCP-NeurIPS/fedqnn-3/lib/python3.10/site-packages/ray/autoscaler/_private/monitor.py', '--logs-dir=./tmpdir/session_2025-01-01_14-16-42_728071_37312/logs', '--logging-rotate-bytes=536870912', '--logging-rotate-backup-count=5', '--gcs-address=10.134.196.4:59454', '--monitor-ip=10.134.196.4']
2025-01-01 14:16:46,715	INFO monitor.py:167 -- session_name: session_2025-01-01_14-16-42_728071_37312
2025-01-01 14:16:46,727	WARNING monitor.py:214 -- `prometheus_client` not found, so metrics will not be exported.
2025-01-01 14:16:46,729	INFO monitor.py:218 -- Monitor: Started
2025-01-01 14:16:46,760	INFO autoscaler.py:276 -- disable_node_updaters:False
2025-01-01 14:16:46,762	INFO autoscaler.py:284 -- disable_launch_config_check:False
2025-01-01 14:16:46,764	INFO autoscaler.py:296 -- foreground_node_launch:False
2025-01-01 14:16:46,767	INFO autoscaler.py:306 -- worker_liveness_check:True
2025-01-01 14:16:46,769	INFO autoscaler.py:314 -- worker_rpc_drain:True
2025-01-01 14:16:46,771	INFO autoscaler.py:364 -- StandardAutoscaler: {'cluster_name': 'default', 'max_workers': 0, 'upscaling_speed': 1.0, 'docker': {}, 'idle_timeout_minutes': 0, 'provider': {'type': 'readonly', 'use_node_id_as_ip': True}, 'auth': {}, 'available_node_types': {'ray.head.default': {'resources': {}, 'node_config': {}, 'max_workers': 0}}, 'head_node_type': 'ray.head.default', 'file_mounts': {}, 'cluster_synced_files': [], 'file_mounts_sync_continuously': False, 'rsync_exclude': [], 'rsync_filter': [], 'initialization_commands': [], 'setup_commands': [], 'head_setup_commands': [], 'worker_setup_commands': [], 'head_start_ray_commands': [], 'worker_start_ray_commands': [], 'head_node': {}, 'worker_nodes': {}}
2025-01-01 14:16:46,775	INFO monitor.py:388 -- Autoscaler has not yet received load metrics. Waiting.
2025-01-01 14:16:51,784	INFO monitor.py:388 -- Autoscaler has not yet received load metrics. Waiting.
2025-01-01 14:16:56,794	INFO monitor.py:388 -- Autoscaler has not yet received load metrics. Waiting.
2025-01-01 14:17:01,803	INFO monitor.py:388 -- Autoscaler has not yet received load metrics. Waiting.
2025-01-01 14:17:06,812	INFO monitor.py:388 -- Autoscaler has not yet received load metrics. Waiting.
2025-01-01 14:17:11,821	INFO monitor.py:388 -- Autoscaler has not yet received load metrics. Waiting.
2025-01-01 14:17:16,831	INFO monitor.py:388 -- Autoscaler has not yet received load metrics. Waiting.
2025-01-01 14:17:21,835	INFO monitor.py:388 -- Autoscaler has not yet received load metrics. Waiting.
2025-01-01 14:17:26,844	INFO monitor.py:388 -- Autoscaler has not yet received load metrics. Waiting.
2025-01-01 14:17:31,854	INFO monitor.py:388 -- Autoscaler has not yet received load metrics. Waiting.
2025-01-01 14:17:36,861	INFO monitor.py:388 -- Autoscaler has not yet received load metrics. Waiting.
2025-01-01 14:17:41,869	INFO monitor.py:388 -- Autoscaler has not yet received load metrics. Waiting.
2025-01-01 14:17:46,878	INFO monitor.py:388 -- Autoscaler has not yet received load metrics. Waiting.
2025-01-01 14:17:51,884	INFO monitor.py:388 -- Autoscaler has not yet received load metrics. Waiting.
2025-01-01 14:17:56,889	INFO monitor.py:388 -- Autoscaler has not yet received load metrics. Waiting.
2025-01-01 14:18:01,899	INFO monitor.py:388 -- Autoscaler has not yet received load metrics. Waiting.
2025-01-01 14:18:06,910	INFO monitor.py:388 -- Autoscaler has not yet received load metrics. Waiting.
2025-01-01 14:18:11,920	INFO monitor.py:388 -- Autoscaler has not yet received load metrics. Waiting.
2025-01-01 14:18:16,933	INFO monitor.py:388 -- Autoscaler has not yet received load metrics. Waiting.
2025-01-01 14:18:21,945	INFO monitor.py:388 -- Autoscaler has not yet received load metrics. Waiting.
2025-01-01 14:18:26,951	INFO monitor.py:388 -- Autoscaler has not yet received load metrics. Waiting.
2025-01-01 14:18:31,957	INFO monitor.py:388 -- Autoscaler has not yet received load metrics. Waiting.
2025-01-01 14:18:36,967	INFO monitor.py:388 -- Autoscaler has not yet received load metrics. Waiting.
2025-01-01 14:18:41,978	INFO monitor.py:388 -- Autoscaler has not yet received load metrics. Waiting.
2025-01-01 14:18:46,988	INFO monitor.py:388 -- Autoscaler has not yet received load metrics. Waiting.
2025-01-01 14:18:51,998	INFO monitor.py:388 -- Autoscaler has not yet received load metrics. Waiting.
2025-01-01 14:18:57,009	INFO monitor.py:388 -- Autoscaler has not yet received load metrics. Waiting.
2025-01-01 14:19:02,019	INFO monitor.py:388 -- Autoscaler has not yet received load metrics. Waiting.
2025-01-01 14:19:07,029	INFO monitor.py:388 -- Autoscaler has not yet received load metrics. Waiting.
2025-01-01 14:19:12,039	INFO monitor.py:388 -- Autoscaler has not yet received load metrics. Waiting.
2025-01-01 14:19:17,049	INFO monitor.py:388 -- Autoscaler has not yet received load metrics. Waiting.
2025-01-01 14:19:22,060	INFO monitor.py:388 -- Autoscaler has not yet received load metrics. Waiting.
2025-01-01 14:19:27,070	INFO monitor.py:388 -- Autoscaler has not yet received load metrics. Waiting.
2025-01-01 14:19:32,081	INFO monitor.py:388 -- Autoscaler has not yet received load metrics. Waiting.
2025-01-01 14:19:37,088	INFO monitor.py:388 -- Autoscaler has not yet received load metrics. Waiting.
2025-01-01 14:19:42,099	INFO monitor.py:388 -- Autoscaler has not yet received load metrics. Waiting.
2025-01-01 14:19:47,109	INFO monitor.py:388 -- Autoscaler has not yet received load metrics. Waiting.
2025-01-01 14:19:52,120	INFO monitor.py:388 -- Autoscaler has not yet received load metrics. Waiting.
2025-01-01 14:19:57,125	INFO monitor.py:388 -- Autoscaler has not yet received load metrics. Waiting.
2025-01-01 14:20:02,135	INFO monitor.py:388 -- Autoscaler has not yet received load metrics. Waiting.
2025-01-01 14:20:07,145	INFO monitor.py:388 -- Autoscaler has not yet received load metrics. Waiting.
2025-01-01 14:20:12,155	INFO monitor.py:388 -- Autoscaler has not yet received load metrics. Waiting.
2025-01-01 14:20:17,166	INFO monitor.py:388 -- Autoscaler has not yet received load metrics. Waiting.
2025-01-01 14:20:22,176	INFO monitor.py:388 -- Autoscaler has not yet received load metrics. Waiting.
2025-01-01 14:20:27,186	INFO monitor.py:388 -- Autoscaler has not yet received load metrics. Waiting.
2025-01-01 14:20:32,196	INFO monitor.py:388 -- Autoscaler has not yet received load metrics. Waiting.
2025-01-01 14:20:37,207	INFO monitor.py:388 -- Autoscaler has not yet received load metrics. Waiting.
2025-01-01 14:20:42,217	INFO monitor.py:388 -- Autoscaler has not yet received load metrics. Waiting.
2025-01-01 14:20:47,227	INFO monitor.py:388 -- Autoscaler has not yet received load metrics. Waiting.
2025-01-01 14:20:52,237	INFO monitor.py:388 -- Autoscaler has not yet received load metrics. Waiting.
2025-01-01 14:20:57,246	INFO monitor.py:388 -- Autoscaler has not yet received load metrics. Waiting.
2025-01-01 14:21:02,257	INFO monitor.py:388 -- Autoscaler has not yet received load metrics. Waiting.
2025-01-01 14:21:07,267	INFO monitor.py:388 -- Autoscaler has not yet received load metrics. Waiting.
2025-01-01 14:21:12,277	INFO monitor.py:388 -- Autoscaler has not yet received load metrics. Waiting.
2025-01-01 14:21:17,288	INFO monitor.py:388 -- Autoscaler has not yet received load metrics. Waiting.
2025-01-01 14:21:22,298	INFO monitor.py:388 -- Autoscaler has not yet received load metrics. Waiting.
2025-01-01 14:21:27,308	INFO monitor.py:388 -- Autoscaler has not yet received load metrics. Waiting.
2025-01-01 14:21:32,318	INFO monitor.py:388 -- Autoscaler has not yet received load metrics. Waiting.
2025-01-01 14:21:37,324	INFO monitor.py:388 -- Autoscaler has not yet received load metrics. Waiting.
2025-01-01 14:21:42,329	INFO monitor.py:388 -- Autoscaler has not yet received load metrics. Waiting.
2025-01-01 14:21:47,336	INFO monitor.py:388 -- Autoscaler has not yet received load metrics. Waiting.
2025-01-01 14:21:52,341	INFO monitor.py:388 -- Autoscaler has not yet received load metrics. Waiting.
2025-01-01 14:21:57,347	INFO monitor.py:388 -- Autoscaler has not yet received load metrics. Waiting.
2025-01-01 14:22:02,355	INFO monitor.py:388 -- Autoscaler has not yet received load metrics. Waiting.
2025-01-01 14:22:07,361	INFO monitor.py:388 -- Autoscaler has not yet received load metrics. Waiting.
2025-01-01 14:22:12,367	INFO monitor.py:388 -- Autoscaler has not yet received load metrics. Waiting.
2025-01-01 14:22:17,374	INFO monitor.py:388 -- Autoscaler has not yet received load metrics. Waiting.
2025-01-01 14:22:22,385	INFO monitor.py:388 -- Autoscaler has not yet received load metrics. Waiting.
2025-01-01 14:22:27,395	INFO monitor.py:388 -- Autoscaler has not yet received load metrics. Waiting.
2025-01-01 14:22:32,405	INFO monitor.py:388 -- Autoscaler has not yet received load metrics. Waiting.
2025-01-01 14:22:37,415	INFO monitor.py:388 -- Autoscaler has not yet received load metrics. Waiting.
2025-01-01 14:22:42,426	INFO monitor.py:388 -- Autoscaler has not yet received load metrics. Waiting.
2025-01-01 14:22:47,436	INFO monitor.py:388 -- Autoscaler has not yet received load metrics. Waiting.
2025-01-01 14:22:52,447	INFO monitor.py:388 -- Autoscaler has not yet received load metrics. Waiting.
2025-01-01 14:22:57,457	INFO monitor.py:388 -- Autoscaler has not yet received load metrics. Waiting.
2025-01-01 14:23:02,468	INFO monitor.py:388 -- Autoscaler has not yet received load metrics. Waiting.
2025-01-01 14:23:07,478	INFO monitor.py:388 -- Autoscaler has not yet received load metrics. Waiting.
2025-01-01 14:23:12,488	INFO monitor.py:388 -- Autoscaler has not yet received load metrics. Waiting.
2025-01-01 14:23:17,498	INFO monitor.py:388 -- Autoscaler has not yet received load metrics. Waiting.
2025-01-01 14:23:22,509	INFO monitor.py:388 -- Autoscaler has not yet received load metrics. Waiting.
2025-01-01 14:23:27,519	INFO monitor.py:388 -- Autoscaler has not yet received load metrics. Waiting.
2025-01-01 14:23:32,529	INFO monitor.py:388 -- Autoscaler has not yet received load metrics. Waiting.
2025-01-01 14:23:37,539	INFO monitor.py:388 -- Autoscaler has not yet received load metrics. Waiting.
2025-01-01 14:23:42,550	INFO monitor.py:388 -- Autoscaler has not yet received load metrics. Waiting.
2025-01-01 14:23:47,562	INFO monitor.py:388 -- Autoscaler has not yet received load metrics. Waiting.
2025-01-01 14:23:52,571	INFO monitor.py:388 -- Autoscaler has not yet received load metrics. Waiting.
2025-01-01 14:23:57,582	INFO monitor.py:388 -- Autoscaler has not yet received load metrics. Waiting.
2025-01-01 14:24:02,592	INFO monitor.py:388 -- Autoscaler has not yet received load metrics. Waiting.
2025-01-01 14:24:07,602	INFO monitor.py:388 -- Autoscaler has not yet received load metrics. Waiting.
2025-01-01 14:24:12,612	INFO monitor.py:388 -- Autoscaler has not yet received load metrics. Waiting.
2025-01-01 14:24:17,623	INFO monitor.py:388 -- Autoscaler has not yet received load metrics. Waiting.
2025-01-01 14:24:22,635	INFO monitor.py:388 -- Autoscaler has not yet received load metrics. Waiting.
2025-01-01 14:24:27,644	INFO monitor.py:388 -- Autoscaler has not yet received load metrics. Waiting.
2025-01-01 14:24:32,655	INFO monitor.py:388 -- Autoscaler has not yet received load metrics. Waiting.
2025-01-01 14:24:37,665	INFO monitor.py:388 -- Autoscaler has not yet received load metrics. Waiting.
2025-01-01 14:24:42,675	INFO monitor.py:388 -- Autoscaler has not yet received load metrics. Waiting.
2025-01-01 14:24:47,685	INFO monitor.py:388 -- Autoscaler has not yet received load metrics. Waiting.
2025-01-01 14:24:52,695	INFO monitor.py:388 -- Autoscaler has not yet received load metrics. Waiting.
2025-01-01 14:24:57,707	INFO monitor.py:388 -- Autoscaler has not yet received load metrics. Waiting.
2025-01-01 14:25:02,717	INFO monitor.py:388 -- Autoscaler has not yet received load metrics. Waiting.
2025-01-01 14:25:07,728	INFO monitor.py:388 -- Autoscaler has not yet received load metrics. Waiting.
2025-01-01 14:25:12,737	INFO monitor.py:388 -- Autoscaler has not yet received load metrics. Waiting.
2025-01-01 14:25:17,747	INFO monitor.py:388 -- Autoscaler has not yet received load metrics. Waiting.
2025-01-01 14:25:22,757	INFO monitor.py:388 -- Autoscaler has not yet received load metrics. Waiting.
2025-01-01 14:25:27,767	INFO monitor.py:388 -- Autoscaler has not yet received load metrics. Waiting.
2025-01-01 14:25:32,777	INFO monitor.py:388 -- Autoscaler has not yet received load metrics. Waiting.
2025-01-01 14:25:37,787	INFO monitor.py:388 -- Autoscaler has not yet received load metrics. Waiting.
2025-01-01 14:25:42,797	INFO monitor.py:388 -- Autoscaler has not yet received load metrics. Waiting.
2025-01-01 14:25:47,807	INFO monitor.py:388 -- Autoscaler has not yet received load metrics. Waiting.
2025-01-01 14:25:52,818	INFO monitor.py:388 -- Autoscaler has not yet received load metrics. Waiting.
2025-01-01 14:25:57,828	INFO monitor.py:388 -- Autoscaler has not yet received load metrics. Waiting.
2025-01-01 14:26:02,838	INFO monitor.py:388 -- Autoscaler has not yet received load metrics. Waiting.
2025-01-01 14:26:07,848	INFO monitor.py:388 -- Autoscaler has not yet received load metrics. Waiting.
2025-01-01 14:26:12,858	INFO monitor.py:388 -- Autoscaler has not yet received load metrics. Waiting.
2025-01-01 14:26:17,868	INFO monitor.py:388 -- Autoscaler has not yet received load metrics. Waiting.
2025-01-01 14:26:22,879	INFO monitor.py:388 -- Autoscaler has not yet received load metrics. Waiting.
2025-01-01 14:26:27,889	INFO monitor.py:388 -- Autoscaler has not yet received load metrics. Waiting.
2025-01-01 14:26:32,899	INFO monitor.py:388 -- Autoscaler has not yet received load metrics. Waiting.
2025-01-01 14:26:37,909	INFO monitor.py:388 -- Autoscaler has not yet received load metrics. Waiting.
2025-01-01 14:26:42,919	INFO monitor.py:388 -- Autoscaler has not yet received load metrics. Waiting.
2025-01-01 14:26:47,930	INFO monitor.py:388 -- Autoscaler has not yet received load metrics. Waiting.
2025-01-01 14:26:52,939	INFO monitor.py:388 -- Autoscaler has not yet received load metrics. Waiting.
2025-01-01 14:26:57,948	INFO monitor.py:388 -- Autoscaler has not yet received load metrics. Waiting.
2025-01-01 14:27:02,957	INFO monitor.py:388 -- Autoscaler has not yet received load metrics. Waiting.
2025-01-01 14:27:07,966	INFO monitor.py:388 -- Autoscaler has not yet received load metrics. Waiting.
2025-01-01 14:27:12,976	INFO monitor.py:388 -- Autoscaler has not yet received load metrics. Waiting.
2025-01-01 14:27:17,981	INFO monitor.py:388 -- Autoscaler has not yet received load metrics. Waiting.
2025-01-01 14:27:22,990	INFO monitor.py:388 -- Autoscaler has not yet received load metrics. Waiting.
2025-01-01 14:27:27,999	INFO monitor.py:388 -- Autoscaler has not yet received load metrics. Waiting.
2025-01-01 14:27:33,009	INFO monitor.py:388 -- Autoscaler has not yet received load metrics. Waiting.
2025-01-01 14:27:38,018	INFO monitor.py:388 -- Autoscaler has not yet received load metrics. Waiting.
2025-01-01 14:27:43,026	INFO monitor.py:388 -- Autoscaler has not yet received load metrics. Waiting.
2025-01-01 14:27:48,039	INFO monitor.py:388 -- Autoscaler has not yet received load metrics. Waiting.
2025-01-01 14:27:53,048	INFO monitor.py:388 -- Autoscaler has not yet received load metrics. Waiting.
2025-01-01 14:27:58,058	INFO monitor.py:388 -- Autoscaler has not yet received load metrics. Waiting.
2025-01-01 14:28:03,063	INFO monitor.py:388 -- Autoscaler has not yet received load metrics. Waiting.
2025-01-01 14:28:08,070	INFO monitor.py:388 -- Autoscaler has not yet received load metrics. Waiting.
2025-01-01 14:28:13,080	INFO monitor.py:388 -- Autoscaler has not yet received load metrics. Waiting.
2025-01-01 14:28:18,088	INFO monitor.py:388 -- Autoscaler has not yet received load metrics. Waiting.
2025-01-01 14:28:23,097	INFO monitor.py:388 -- Autoscaler has not yet received load metrics. Waiting.
2025-01-01 14:28:28,107	INFO monitor.py:388 -- Autoscaler has not yet received load metrics. Waiting.
2025-01-01 14:28:33,115	INFO monitor.py:388 -- Autoscaler has not yet received load metrics. Waiting.
2025-01-01 14:28:38,122	INFO monitor.py:388 -- Autoscaler has not yet received load metrics. Waiting.
2025-01-01 14:28:43,126	INFO monitor.py:388 -- Autoscaler has not yet received load metrics. Waiting.
2025-01-01 14:28:48,136	INFO monitor.py:388 -- Autoscaler has not yet received load metrics. Waiting.
2025-01-01 14:28:53,141	INFO monitor.py:388 -- Autoscaler has not yet received load metrics. Waiting.
2025-01-01 14:28:58,151	INFO monitor.py:388 -- Autoscaler has not yet received load metrics. Waiting.
2025-01-01 14:29:03,160	INFO monitor.py:388 -- Autoscaler has not yet received load metrics. Waiting.
2025-01-01 14:29:08,169	INFO monitor.py:388 -- Autoscaler has not yet received load metrics. Waiting.
2025-01-01 14:29:13,176	INFO monitor.py:388 -- Autoscaler has not yet received load metrics. Waiting.
2025-01-01 14:29:18,184	INFO monitor.py:388 -- Autoscaler has not yet received load metrics. Waiting.
2025-01-01 14:29:23,193	INFO monitor.py:388 -- Autoscaler has not yet received load metrics. Waiting.
2025-01-01 14:29:28,203	INFO monitor.py:388 -- Autoscaler has not yet received load metrics. Waiting.
2025-01-01 14:29:33,214	INFO monitor.py:388 -- Autoscaler has not yet received load metrics. Waiting.
2025-01-01 14:29:38,219	INFO monitor.py:388 -- Autoscaler has not yet received load metrics. Waiting.
2025-01-01 14:29:43,228	INFO monitor.py:388 -- Autoscaler has not yet received load metrics. Waiting.
2025-01-01 14:29:48,236	INFO monitor.py:388 -- Autoscaler has not yet received load metrics. Waiting.
2025-01-01 14:29:53,243	INFO monitor.py:388 -- Autoscaler has not yet received load metrics. Waiting.
2025-01-01 14:29:58,254	INFO monitor.py:388 -- Autoscaler has not yet received load metrics. Waiting.
2025-01-01 14:30:03,259	INFO monitor.py:388 -- Autoscaler has not yet received load metrics. Waiting.
2025-01-01 14:30:08,263	INFO monitor.py:388 -- Autoscaler has not yet received load metrics. Waiting.
2025-01-01 14:30:13,272	INFO monitor.py:388 -- Autoscaler has not yet received load metrics. Waiting.
2025-01-01 14:30:18,281	INFO monitor.py:388 -- Autoscaler has not yet received load metrics. Waiting.
2025-01-01 14:30:23,285	INFO monitor.py:388 -- Autoscaler has not yet received load metrics. Waiting.
2025-01-01 14:30:28,291	INFO monitor.py:388 -- Autoscaler has not yet received load metrics. Waiting.
2025-01-01 14:30:33,299	INFO monitor.py:388 -- Autoscaler has not yet received load metrics. Waiting.
2025-01-01 14:30:38,313	INFO monitor.py:388 -- Autoscaler has not yet received load metrics. Waiting.
2025-01-01 14:30:43,319	INFO monitor.py:388 -- Autoscaler has not yet received load metrics. Waiting.
2025-01-01 14:30:48,327	INFO monitor.py:388 -- Autoscaler has not yet received load metrics. Waiting.
2025-01-01 14:30:53,337	INFO monitor.py:388 -- Autoscaler has not yet received load metrics. Waiting.
2025-01-01 14:30:58,376	INFO monitor.py:388 -- Autoscaler has not yet received load metrics. Waiting.
2025-01-01 14:31:03,383	INFO monitor.py:388 -- Autoscaler has not yet received load metrics. Waiting.
2025-01-01 14:31:08,389	INFO monitor.py:388 -- Autoscaler has not yet received load metrics. Waiting.
2025-01-01 14:31:13,394	INFO monitor.py:388 -- Autoscaler has not yet received load metrics. Waiting.
2025-01-01 14:31:18,402	INFO monitor.py:388 -- Autoscaler has not yet received load metrics. Waiting.
2025-01-01 14:31:23,410	INFO monitor.py:388 -- Autoscaler has not yet received load metrics. Waiting.
2025-01-01 14:31:28,420	INFO monitor.py:388 -- Autoscaler has not yet received load metrics. Waiting.
2025-01-01 14:31:33,427	INFO monitor.py:388 -- Autoscaler has not yet received load metrics. Waiting.
2025-01-01 14:31:38,435	INFO monitor.py:388 -- Autoscaler has not yet received load metrics. Waiting.
2025-01-01 14:31:43,443	INFO monitor.py:388 -- Autoscaler has not yet received load metrics. Waiting.
2025-01-01 14:31:48,451	INFO monitor.py:388 -- Autoscaler has not yet received load metrics. Waiting.
2025-01-01 14:31:53,459	INFO monitor.py:388 -- Autoscaler has not yet received load metrics. Waiting.
2025-01-01 14:31:58,464	INFO monitor.py:388 -- Autoscaler has not yet received load metrics. Waiting.
2025-01-01 14:32:03,473	INFO monitor.py:388 -- Autoscaler has not yet received load metrics. Waiting.
2025-01-01 14:32:08,482	INFO monitor.py:388 -- Autoscaler has not yet received load metrics. Waiting.
2025-01-01 14:32:13,494	INFO monitor.py:388 -- Autoscaler has not yet received load metrics. Waiting.
2025-01-01 14:32:18,501	INFO monitor.py:388 -- Autoscaler has not yet received load metrics. Waiting.
2025-01-01 14:32:23,507	INFO monitor.py:388 -- Autoscaler has not yet received load metrics. Waiting.
2025-01-01 14:32:28,516	INFO monitor.py:388 -- Autoscaler has not yet received load metrics. Waiting.
2025-01-01 14:32:33,526	INFO monitor.py:388 -- Autoscaler has not yet received load metrics. Waiting.
2025-01-01 14:32:38,535	INFO monitor.py:388 -- Autoscaler has not yet received load metrics. Waiting.
2025-01-01 14:32:43,544	INFO monitor.py:388 -- Autoscaler has not yet received load metrics. Waiting.
2025-01-01 14:32:48,552	INFO monitor.py:388 -- Autoscaler has not yet received load metrics. Waiting.
2025-01-01 14:32:53,558	INFO monitor.py:388 -- Autoscaler has not yet received load metrics. Waiting.
2025-01-01 14:32:58,564	INFO monitor.py:388 -- Autoscaler has not yet received load metrics. Waiting.
2025-01-01 14:33:03,574	INFO monitor.py:388 -- Autoscaler has not yet received load metrics. Waiting.
2025-01-01 14:33:08,580	INFO monitor.py:388 -- Autoscaler has not yet received load metrics. Waiting.
2025-01-01 14:33:13,590	INFO monitor.py:388 -- Autoscaler has not yet received load metrics. Waiting.
2025-01-01 14:33:18,600	INFO monitor.py:388 -- Autoscaler has not yet received load metrics. Waiting.
2025-01-01 14:33:23,605	INFO monitor.py:388 -- Autoscaler has not yet received load metrics. Waiting.
2025-01-01 14:33:28,611	INFO monitor.py:388 -- Autoscaler has not yet received load metrics. Waiting.
2025-01-01 14:33:33,619	INFO monitor.py:388 -- Autoscaler has not yet received load metrics. Waiting.
2025-01-01 14:33:38,627	INFO monitor.py:388 -- Autoscaler has not yet received load metrics. Waiting.
2025-01-01 14:33:43,634	INFO monitor.py:388 -- Autoscaler has not yet received load metrics. Waiting.
2025-01-01 14:33:48,642	INFO monitor.py:388 -- Autoscaler has not yet received load metrics. Waiting.
2025-01-01 14:33:53,650	INFO monitor.py:388 -- Autoscaler has not yet received load metrics. Waiting.
2025-01-01 14:33:58,659	INFO monitor.py:388 -- Autoscaler has not yet received load metrics. Waiting.
2025-01-01 14:34:03,666	INFO monitor.py:388 -- Autoscaler has not yet received load metrics. Waiting.
2025-01-01 14:34:08,672	INFO monitor.py:388 -- Autoscaler has not yet received load metrics. Waiting.
2025-01-01 14:34:13,676	INFO monitor.py:388 -- Autoscaler has not yet received load metrics. Waiting.
2025-01-01 14:34:18,681	INFO monitor.py:388 -- Autoscaler has not yet received load metrics. Waiting.
2025-01-01 14:34:23,686	INFO monitor.py:388 -- Autoscaler has not yet received load metrics. Waiting.
2025-01-01 14:34:28,692	INFO monitor.py:388 -- Autoscaler has not yet received load metrics. Waiting.
2025-01-01 14:34:33,698	INFO monitor.py:388 -- Autoscaler has not yet received load metrics. Waiting.
2025-01-01 14:34:38,704	INFO monitor.py:388 -- Autoscaler has not yet received load metrics. Waiting.
